mode: atomic
github.com/crunchydata/postgres-operator/internal/controller/postgrescluster/apply.go:20.77,22.2 1 0
github.com/crunchydata/postgres-operator/internal/controller/postgrescluster/autogrow.go:25.10,32.26 5 17
github.com/crunchydata/postgres-operator/internal/controller/postgrescluster/autogrow.go:32.26,34.17 2 17
github.com/crunchydata/postgres-operator/internal/controller/postgrescluster/autogrow.go:34.17,41.4 3 6
github.com/crunchydata/postgres-operator/internal/controller/postgrescluster/autogrow.go:45.2,45.32 1 17
github.com/crunchydata/postgres-operator/internal/controller/postgrescluster/autogrow.go:45.32,47.17 2 6
github.com/crunchydata/postgres-operator/internal/controller/postgrescluster/autogrow.go:47.17,54.4 3 3
github.com/crunchydata/postgres-operator/internal/controller/postgrescluster/autogrow.go:58.2,61.15 2 17
github.com/crunchydata/postgres-operator/internal/controller/postgrescluster/autogrow.go:61.15,63.3 1 5
github.com/crunchydata/postgres-operator/internal/controller/postgrescluster/autogrow.go:65.2,65.52 1 12
github.com/crunchydata/postgres-operator/internal/controller/postgrescluster/autogrow.go:65.52,67.28 2 6
github.com/crunchydata/postgres-operator/internal/controller/postgrescluster/autogrow.go:67.28,69.4 1 2
github.com/crunchydata/postgres-operator/internal/controller/postgrescluster/autogrow.go:70.3,72.53 1 6
github.com/crunchydata/postgres-operator/internal/controller/postgrescluster/autogrow.go:78.2,78.26 1 12
github.com/crunchydata/postgres-operator/internal/controller/postgrescluster/autogrow.go:78.26,80.3 1 6
github.com/crunchydata/postgres-operator/internal/controller/postgrescluster/autogrow.go:82.2,82.23 1 12
github.com/crunchydata/postgres-operator/internal/controller/postgrescluster/autogrow.go:87.92,89.9 1 28
github.com/crunchydata/postgres-operator/internal/controller/postgrescluster/autogrow.go:93.30,94.58 1 8
github.com/crunchydata/postgres-operator/internal/controller/postgrescluster/autogrow.go:94.58,95.44 1 12
github.com/crunchydata/postgres-operator/internal/controller/postgrescluster/autogrow.go:95.44,97.5 1 7
github.com/crunchydata/postgres-operator/internal/controller/postgrescluster/autogrow.go:99.29,100.58 1 10
github.com/crunchydata/postgres-operator/internal/controller/postgrescluster/autogrow.go:100.58,102.86 1 18
github.com/crunchydata/postgres-operator/internal/controller/postgrescluster/autogrow.go:102.86,104.5 1 2
github.com/crunchydata/postgres-operator/internal/controller/postgrescluster/autogrow.go:105.4,105.86 1 16
github.com/crunchydata/postgres-operator/internal/controller/postgrescluster/autogrow.go:105.86,107.5 1 7
github.com/crunchydata/postgres-operator/internal/controller/postgrescluster/autogrow.go:112.45,113.66 1 10
github.com/crunchydata/postgres-operator/internal/controller/postgrescluster/autogrow.go:113.66,115.61 1 18
github.com/crunchydata/postgres-operator/internal/controller/postgrescluster/autogrow.go:115.61,117.5 1 2
github.com/crunchydata/postgres-operator/internal/controller/postgrescluster/autogrow.go:118.4,118.61 1 16
github.com/crunchydata/postgres-operator/internal/controller/postgrescluster/autogrow.go:118.61,120.5 1 7
github.com/crunchydata/postgres-operator/internal/controller/postgrescluster/autogrow.go:124.2,124.14 1 3
github.com/crunchydata/postgres-operator/internal/controller/postgrescluster/autogrow.go:131.67,142.34 4 10
github.com/crunchydata/postgres-operator/internal/controller/postgrescluster/autogrow.go:142.34,144.3 1 1
github.com/crunchydata/postgres-operator/internal/controller/postgrescluster/autogrow.go:148.2,148.61 1 9
github.com/crunchydata/postgres-operator/internal/controller/postgrescluster/autogrow.go:148.61,157.3 2 1
github.com/crunchydata/postgres-operator/internal/controller/postgrescluster/autogrow.go:157.8,157.58 1 8
github.com/crunchydata/postgres-operator/internal/controller/postgrescluster/autogrow.go:157.58,163.17 1 7
github.com/crunchydata/postgres-operator/internal/controller/postgrescluster/autogrow.go:163.17,166.4 1 1
github.com/crunchydata/postgres-operator/internal/controller/postgrescluster/autogrow.go:172.3,172.63 1 7
github.com/crunchydata/postgres-operator/internal/controller/postgrescluster/autogrow.go:172.63,174.29 2 4
github.com/crunchydata/postgres-operator/internal/controller/postgrescluster/autogrow.go:174.29,176.5 1 1
github.com/crunchydata/postgres-operator/internal/controller/postgrescluster/autogrow.go:177.4,183.63 2 4
github.com/crunchydata/postgres-operator/internal/controller/postgrescluster/autogrow.go:183.63,187.5 1 1
github.com/crunchydata/postgres-operator/internal/controller/postgrescluster/autogrow.go:189.4,189.43 1 4
github.com/crunchydata/postgres-operator/internal/controller/postgrescluster/autogrow.go:191.3,193.4 1 7
github.com/crunchydata/postgres-operator/internal/controller/postgrescluster/autogrow.go:201.56,203.9 1 24
github.com/crunchydata/postgres-operator/internal/controller/postgrescluster/autogrow.go:204.30,205.46 1 10
github.com/crunchydata/postgres-operator/internal/controller/postgrescluster/autogrow.go:205.46,206.63 1 13
github.com/crunchydata/postgres-operator/internal/controller/postgrescluster/autogrow.go:206.63,207.93 1 8
github.com/crunchydata/postgres-operator/internal/controller/postgrescluster/autogrow.go:207.93,208.36 1 8
github.com/crunchydata/postgres-operator/internal/controller/postgrescluster/autogrow.go:208.36,210.21 2 8
github.com/crunchydata/postgres-operator/internal/controller/postgrescluster/autogrow.go:210.21,211.62 1 6
github.com/crunchydata/postgres-operator/internal/controller/postgrescluster/autogrow.go:211.62,213.9 1 4
github.com/crunchydata/postgres-operator/internal/controller/postgrescluster/autogrow.go:214.13,216.8 1 2
github.com/crunchydata/postgres-operator/internal/controller/postgrescluster/autogrow.go:222.29,223.46 1 7
github.com/crunchydata/postgres-operator/internal/controller/postgrescluster/autogrow.go:223.46,224.63 1 12
github.com/crunchydata/postgres-operator/internal/controller/postgrescluster/autogrow.go:224.63,225.92 1 6
github.com/crunchydata/postgres-operator/internal/controller/postgrescluster/autogrow.go:225.92,226.36 1 5
github.com/crunchydata/postgres-operator/internal/controller/postgrescluster/autogrow.go:226.36,228.21 2 5
github.com/crunchydata/postgres-operator/internal/controller/postgrescluster/autogrow.go:228.21,229.62 1 4
github.com/crunchydata/postgres-operator/internal/controller/postgrescluster/autogrow.go:229.62,231.9 1 2
github.com/crunchydata/postgres-operator/internal/controller/postgrescluster/autogrow.go:232.13,234.8 1 1
github.com/crunchydata/postgres-operator/internal/controller/postgrescluster/autogrow.go:243.45,244.39 1 7
github.com/crunchydata/postgres-operator/internal/controller/postgrescluster/autogrow.go:244.39,246.4 1 1
github.com/crunchydata/postgres-operator/internal/controller/postgrescluster/autogrow.go:247.3,247.50 1 6
github.com/crunchydata/postgres-operator/internal/controller/postgrescluster/autogrow.go:247.50,248.61 1 6
github.com/crunchydata/postgres-operator/internal/controller/postgrescluster/autogrow.go:248.61,250.35 2 5
github.com/crunchydata/postgres-operator/internal/controller/postgrescluster/autogrow.go:250.35,252.20 2 5
github.com/crunchydata/postgres-operator/internal/controller/postgrescluster/autogrow.go:252.20,253.61 1 4
github.com/crunchydata/postgres-operator/internal/controller/postgrescluster/autogrow.go:253.61,255.8 1 2
github.com/crunchydata/postgres-operator/internal/controller/postgrescluster/autogrow.go:256.12,258.7 1 1
github.com/crunchydata/postgres-operator/internal/controller/postgrescluster/autogrow.go:263.2,263.16 1 19
github.com/crunchydata/postgres-operator/internal/controller/postgrescluster/autoscaling.go:124.80,126.24 2 10
github.com/crunchydata/postgres-operator/internal/controller/postgrescluster/autoscaling.go:126.24,128.3 1 1
github.com/crunchydata/postgres-operator/internal/controller/postgrescluster/autoscaling.go:130.2,130.55 1 9
github.com/crunchydata/postgres-operator/internal/controller/postgrescluster/autoscaling.go:130.55,132.3 1 1
github.com/crunchydata/postgres-operator/internal/controller/postgrescluster/autoscaling.go:134.2,142.59 2 8
github.com/crunchydata/postgres-operator/internal/controller/postgrescluster/autoscaling.go:142.59,143.49 1 1
github.com/crunchydata/postgres-operator/internal/controller/postgrescluster/autoscaling.go:143.49,145.4 1 1
github.com/crunchydata/postgres-operator/internal/controller/postgrescluster/autoscaling.go:149.2,149.59 1 8
github.com/crunchydata/postgres-operator/internal/controller/postgrescluster/autoscaling.go:149.59,150.49 1 1
github.com/crunchydata/postgres-operator/internal/controller/postgrescluster/autoscaling.go:150.49,152.4 1 1
github.com/crunchydata/postgres-operator/internal/controller/postgrescluster/autoscaling.go:156.2,156.65 1 8
github.com/crunchydata/postgres-operator/internal/controller/postgrescluster/autoscaling.go:156.65,157.49 1 2
github.com/crunchydata/postgres-operator/internal/controller/postgrescluster/autoscaling.go:157.49,164.4 1 2
github.com/crunchydata/postgres-operator/internal/controller/postgrescluster/autoscaling.go:168.2,168.68 1 8
github.com/crunchydata/postgres-operator/internal/controller/postgrescluster/autoscaling.go:168.68,169.49 1 2
github.com/crunchydata/postgres-operator/internal/controller/postgrescluster/autoscaling.go:169.49,176.4 1 2
github.com/crunchydata/postgres-operator/internal/controller/postgrescluster/autoscaling.go:180.2,180.74 1 8
github.com/crunchydata/postgres-operator/internal/controller/postgrescluster/autoscaling.go:180.74,181.51 1 2
github.com/crunchydata/postgres-operator/internal/controller/postgrescluster/autoscaling.go:181.51,188.4 1 2
github.com/crunchydata/postgres-operator/internal/controller/postgrescluster/autoscaling.go:192.2,192.76 1 8
github.com/crunchydata/postgres-operator/internal/controller/postgrescluster/autoscaling.go:192.76,193.49 1 2
github.com/crunchydata/postgres-operator/internal/controller/postgrescluster/autoscaling.go:193.49,200.4 1 2
github.com/crunchydata/postgres-operator/internal/controller/postgrescluster/autoscaling.go:204.2,237.15 2 8
github.com/crunchydata/postgres-operator/internal/controller/postgrescluster/autoscaling.go:244.9,249.38 3 0
github.com/crunchydata/postgres-operator/internal/controller/postgrescluster/autoscaling.go:249.38,252.3 1 0
github.com/crunchydata/postgres-operator/internal/controller/postgrescluster/autoscaling.go:254.2,258.16 3 0
github.com/crunchydata/postgres-operator/internal/controller/postgrescluster/autoscaling.go:258.16,260.3 1 0
github.com/crunchydata/postgres-operator/internal/controller/postgrescluster/autoscaling.go:263.2,263.126 1 0
github.com/crunchydata/postgres-operator/internal/controller/postgrescluster/autoscaling.go:263.126,265.3 1 0
github.com/crunchydata/postgres-operator/internal/controller/postgrescluster/autoscaling.go:267.2,268.12 2 0
github.com/crunchydata/postgres-operator/internal/controller/postgrescluster/autoscaling.go:272.125,308.40 8 4
github.com/crunchydata/postgres-operator/internal/controller/postgrescluster/autoscaling.go:308.40,309.22 1 5
github.com/crunchydata/postgres-operator/internal/controller/postgrescluster/autoscaling.go:310.19,321.45 2 4
github.com/crunchydata/postgres-operator/internal/controller/postgrescluster/autoscaling.go:323.15,336.41 2 1
github.com/crunchydata/postgres-operator/internal/controller/postgrescluster/autoscaling.go:338.19,353.45 2 0
github.com/crunchydata/postgres-operator/internal/controller/postgrescluster/autoscaling.go:357.2,360.28 2 4
github.com/crunchydata/postgres-operator/internal/controller/postgrescluster/autoscaling.go:360.28,363.37 2 1
github.com/crunchydata/postgres-operator/internal/controller/postgrescluster/autoscaling.go:363.37,368.60 4 1
github.com/crunchydata/postgres-operator/internal/controller/postgrescluster/autoscaling.go:368.60,370.33 2 1
github.com/crunchydata/postgres-operator/internal/controller/postgrescluster/autoscaling.go:370.33,372.6 1 0
github.com/crunchydata/postgres-operator/internal/controller/postgrescluster/autoscaling.go:374.5,379.7 2 1
github.com/crunchydata/postgres-operator/internal/controller/postgrescluster/autoscaling.go:382.4,382.30 1 1
github.com/crunchydata/postgres-operator/internal/controller/postgrescluster/autoscaling.go:385.3,385.39 1 1
github.com/crunchydata/postgres-operator/internal/controller/postgrescluster/autoscaling.go:385.39,390.62 4 1
github.com/crunchydata/postgres-operator/internal/controller/postgrescluster/autoscaling.go:390.62,392.33 2 1
github.com/crunchydata/postgres-operator/internal/controller/postgrescluster/autoscaling.go:392.33,394.6 1 0
github.com/crunchydata/postgres-operator/internal/controller/postgrescluster/autoscaling.go:396.5,401.7 2 1
github.com/crunchydata/postgres-operator/internal/controller/postgrescluster/autoscaling.go:404.4,404.34 1 1
github.com/crunchydata/postgres-operator/internal/controller/postgrescluster/autoscaling.go:407.3,407.31 1 1
github.com/crunchydata/postgres-operator/internal/controller/postgrescluster/autoscaling.go:410.2,410.17 1 4
github.com/crunchydata/postgres-operator/internal/controller/postgrescluster/autoscaling.go:414.93,422.73 2 0
github.com/crunchydata/postgres-operator/internal/controller/postgrescluster/autoscaling.go:422.73,424.3 1 0
github.com/crunchydata/postgres-operator/internal/controller/postgrescluster/autoscaling.go:426.2,426.12 1 0
github.com/crunchydata/postgres-operator/internal/controller/postgrescluster/autoscaling.go:434.31,441.22 3 0
github.com/crunchydata/postgres-operator/internal/controller/postgrescluster/autoscaling.go:441.22,442.40 1 0
github.com/crunchydata/postgres-operator/internal/controller/postgrescluster/autoscaling.go:442.40,445.4 1 0
github.com/crunchydata/postgres-operator/internal/controller/postgrescluster/autoscaling.go:446.3,446.55 1 0
github.com/crunchydata/postgres-operator/internal/controller/postgrescluster/autoscaling.go:449.2,461.51 2 0
github.com/crunchydata/postgres-operator/internal/controller/postgrescluster/autoscaling.go:461.51,462.22 1 0
github.com/crunchydata/postgres-operator/internal/controller/postgrescluster/autoscaling.go:463.47,464.30 1 0
github.com/crunchydata/postgres-operator/internal/controller/postgrescluster/autoscaling.go:464.30,470.58 2 0
github.com/crunchydata/postgres-operator/internal/controller/postgrescluster/autoscaling.go:470.58,472.6 1 0
github.com/crunchydata/postgres-operator/internal/controller/postgrescluster/autoscaling.go:473.5,473.72 1 0
github.com/crunchydata/postgres-operator/internal/controller/postgrescluster/autoscaling.go:476.43,477.26 1 0
github.com/crunchydata/postgres-operator/internal/controller/postgrescluster/autoscaling.go:477.26,484.5 2 0
github.com/crunchydata/postgres-operator/internal/controller/postgrescluster/autoscaling.go:489.2,489.50 1 0
github.com/crunchydata/postgres-operator/internal/controller/postgrescluster/autoscaling.go:489.50,490.95 1 0
github.com/crunchydata/postgres-operator/internal/controller/postgrescluster/autoscaling.go:490.95,492.4 1 0
github.com/crunchydata/postgres-operator/internal/controller/postgrescluster/autoscaling.go:495.2,495.20 1 0
github.com/crunchydata/postgres-operator/internal/controller/postgrescluster/autoscaling.go:534.42,538.2 3 5
github.com/crunchydata/postgres-operator/internal/controller/postgrescluster/autoscaling.go:540.42,544.2 3 10
github.com/crunchydata/postgres-operator/internal/controller/postgrescluster/autoscaling.go:546.31,548.2 1 4
github.com/crunchydata/postgres-operator/internal/controller/postgrescluster/autoscaling.go:551.93,552.21 1 6
github.com/crunchydata/postgres-operator/internal/controller/postgrescluster/autoscaling.go:552.21,554.3 1 1
github.com/crunchydata/postgres-operator/internal/controller/postgrescluster/autoscaling.go:556.2,573.33 2 5
github.com/crunchydata/postgres-operator/internal/controller/postgrescluster/autoscaling.go:573.33,576.3 2 1
github.com/crunchydata/postgres-operator/internal/controller/postgrescluster/autoscaling.go:578.2,579.47 2 5
github.com/crunchydata/postgres-operator/internal/controller/postgrescluster/autoscaling.go:579.47,581.3 1 1
github.com/crunchydata/postgres-operator/internal/controller/postgrescluster/autoscaling.go:583.2,583.43 1 5
github.com/crunchydata/postgres-operator/internal/controller/postgrescluster/autoscaling.go:583.43,585.55 2 1
github.com/crunchydata/postgres-operator/internal/controller/postgrescluster/autoscaling.go:585.55,587.4 1 2
github.com/crunchydata/postgres-operator/internal/controller/postgrescluster/autoscaling.go:591.2,593.50 2 5
github.com/crunchydata/postgres-operator/internal/controller/postgrescluster/autoscaling.go:593.50,595.3 1 1
github.com/crunchydata/postgres-operator/internal/controller/postgrescluster/autoscaling.go:597.2,597.101 1 5
github.com/crunchydata/postgres-operator/internal/controller/postgrescluster/autoscaling.go:597.101,599.3 1 1
github.com/crunchydata/postgres-operator/internal/controller/postgrescluster/autoscaling.go:601.2,601.53 1 5
github.com/crunchydata/postgres-operator/internal/controller/postgrescluster/autoscaling.go:601.53,603.3 1 1
github.com/crunchydata/postgres-operator/internal/controller/postgrescluster/autoscaling.go:605.2,605.15 1 5
github.com/crunchydata/postgres-operator/internal/controller/postgrescluster/cluster.go:34.30,46.16 6 0
github.com/crunchydata/postgres-operator/internal/controller/postgrescluster/cluster.go:46.16,49.3 1 0
github.com/crunchydata/postgres-operator/internal/controller/postgrescluster/cluster.go:50.2,50.16 1 0
github.com/crunchydata/postgres-operator/internal/controller/postgrescluster/cluster.go:50.16,52.3 1 0
github.com/crunchydata/postgres-operator/internal/controller/postgrescluster/cluster.go:54.2,54.30 1 0
github.com/crunchydata/postgres-operator/internal/controller/postgrescluster/cluster.go:63.98,65.52 1 6
github.com/crunchydata/postgres-operator/internal/controller/postgrescluster/cluster.go:65.52,69.29 2 3
github.com/crunchydata/postgres-operator/internal/controller/postgrescluster/cluster.go:69.29,76.4 2 1
github.com/crunchydata/postgres-operator/internal/controller/postgrescluster/cluster.go:77.3,77.21 1 3
github.com/crunchydata/postgres-operator/internal/controller/postgrescluster/cluster.go:78.8,78.61 1 3
github.com/crunchydata/postgres-operator/internal/controller/postgrescluster/cluster.go:78.61,80.3 1 1
github.com/crunchydata/postgres-operator/internal/controller/postgrescluster/cluster.go:81.2,81.10 1 2
github.com/crunchydata/postgres-operator/internal/controller/postgrescluster/cluster.go:90.28,113.16 9 0
github.com/crunchydata/postgres-operator/internal/controller/postgrescluster/cluster.go:113.16,115.3 1 0
github.com/crunchydata/postgres-operator/internal/controller/postgrescluster/cluster.go:117.2,117.31 1 0
github.com/crunchydata/postgres-operator/internal/controller/postgrescluster/cluster.go:124.47,153.19 9 3
github.com/crunchydata/postgres-operator/internal/controller/postgrescluster/cluster.go:153.19,156.3 1 1
github.com/crunchydata/postgres-operator/internal/controller/postgrescluster/cluster.go:161.2,177.40 5 2
github.com/crunchydata/postgres-operator/internal/controller/postgrescluster/cluster.go:177.40,184.3 1 2
github.com/crunchydata/postgres-operator/internal/controller/postgrescluster/cluster.go:186.2,186.32 1 2
github.com/crunchydata/postgres-operator/internal/controller/postgrescluster/cluster.go:201.28,204.16 2 0
github.com/crunchydata/postgres-operator/internal/controller/postgrescluster/cluster.go:204.16,206.3 1 0
github.com/crunchydata/postgres-operator/internal/controller/postgrescluster/cluster.go:207.2,207.16 1 0
github.com/crunchydata/postgres-operator/internal/controller/postgrescluster/cluster.go:207.16,209.3 1 0
github.com/crunchydata/postgres-operator/internal/controller/postgrescluster/cluster.go:210.2,210.21 1 0
github.com/crunchydata/postgres-operator/internal/controller/postgrescluster/cluster.go:217.3,224.54 5 5
github.com/crunchydata/postgres-operator/internal/controller/postgrescluster/cluster.go:224.54,229.3 2 3
github.com/crunchydata/postgres-operator/internal/controller/postgrescluster/cluster.go:232.2,253.54 4 5
github.com/crunchydata/postgres-operator/internal/controller/postgrescluster/cluster.go:253.54,255.27 2 3
github.com/crunchydata/postgres-operator/internal/controller/postgrescluster/cluster.go:255.27,256.56 1 0
github.com/crunchydata/postgres-operator/internal/controller/postgrescluster/cluster.go:256.56,266.5 2 0
github.com/crunchydata/postgres-operator/internal/controller/postgrescluster/cluster.go:267.4,267.41 1 0
github.com/crunchydata/postgres-operator/internal/controller/postgrescluster/cluster.go:269.3,273.33 3 3
github.com/crunchydata/postgres-operator/internal/controller/postgrescluster/cluster.go:273.33,275.4 1 0
github.com/crunchydata/postgres-operator/internal/controller/postgrescluster/cluster.go:276.3,276.31 1 3
github.com/crunchydata/postgres-operator/internal/controller/postgrescluster/cluster.go:276.31,278.4 1 0
github.com/crunchydata/postgres-operator/internal/controller/postgrescluster/cluster.go:281.2,293.21 4 5
github.com/crunchydata/postgres-operator/internal/controller/postgrescluster/cluster.go:302.28,305.16 2 0
github.com/crunchydata/postgres-operator/internal/controller/postgrescluster/cluster.go:305.16,307.3 1 0
github.com/crunchydata/postgres-operator/internal/controller/postgrescluster/cluster.go:308.2,308.21 1 0
github.com/crunchydata/postgres-operator/internal/controller/postgrescluster/cluster.go:324.17,327.56 1 0
github.com/crunchydata/postgres-operator/internal/controller/postgrescluster/cluster.go:327.56,328.51 1 0
github.com/crunchydata/postgres-operator/internal/controller/postgrescluster/cluster.go:328.51,329.33 1 0
github.com/crunchydata/postgres-operator/internal/controller/postgrescluster/cluster.go:329.33,331.5 1 0
github.com/crunchydata/postgres-operator/internal/controller/postgrescluster/cluster.go:332.4,332.10 1 0
github.com/crunchydata/postgres-operator/internal/controller/postgrescluster/cluster.go:338.2,339.16 2 0
github.com/crunchydata/postgres-operator/internal/controller/postgrescluster/cluster.go:339.16,341.3 1 0
github.com/crunchydata/postgres-operator/internal/controller/postgrescluster/cluster.go:344.2,360.9 6 0
github.com/crunchydata/postgres-operator/internal/controller/postgrescluster/cluster.go:361.31,362.81 1 0
github.com/crunchydata/postgres-operator/internal/controller/postgrescluster/cluster.go:363.33,368.24 3 0
github.com/crunchydata/postgres-operator/internal/controller/postgrescluster/cluster.go:368.24,370.4 1 0
github.com/crunchydata/postgres-operator/internal/controller/postgrescluster/cluster.go:371.10,372.20 1 0
github.com/crunchydata/postgres-operator/internal/controller/postgrescluster/cluster.go:377.2,396.82 7 0
github.com/crunchydata/postgres-operator/internal/controller/postgrescluster/cluster.go:396.82,398.3 1 0
github.com/crunchydata/postgres-operator/internal/controller/postgrescluster/cluster.go:399.2,404.9 3 0
github.com/crunchydata/postgres-operator/internal/controller/postgrescluster/cluster.go:405.25,407.51 2 0
github.com/crunchydata/postgres-operator/internal/controller/postgrescluster/cluster.go:408.30,410.56 2 0
github.com/crunchydata/postgres-operator/internal/controller/postgrescluster/cluster.go:412.2,413.16 2 0
github.com/crunchydata/postgres-operator/internal/controller/postgrescluster/cluster.go:413.16,415.3 1 0
github.com/crunchydata/postgres-operator/internal/controller/postgrescluster/cluster.go:416.2,417.23 2 0
github.com/crunchydata/postgres-operator/internal/controller/postgrescluster/cluster.go:417.23,420.3 1 0
github.com/crunchydata/postgres-operator/internal/controller/postgrescluster/cluster.go:428.2,428.83 1 0
github.com/crunchydata/postgres-operator/internal/controller/postgrescluster/cluster.go:428.83,430.39 1 0
github.com/crunchydata/postgres-operator/internal/controller/postgrescluster/cluster.go:430.39,432.4 1 0
github.com/crunchydata/postgres-operator/internal/controller/postgrescluster/cluster.go:435.3,435.19 1 0
github.com/crunchydata/postgres-operator/internal/controller/postgrescluster/cluster.go:439.2,439.29 1 0
github.com/crunchydata/postgres-operator/internal/controller/postgrescluster/cluster.go:439.29,441.3 1 0
github.com/crunchydata/postgres-operator/internal/controller/postgrescluster/cluster.go:444.2,444.9 1 0
github.com/crunchydata/postgres-operator/internal/controller/postgrescluster/cluster.go:445.25,448.34 1 0
github.com/crunchydata/postgres-operator/internal/controller/postgrescluster/cluster.go:448.34,450.4 1 0
github.com/crunchydata/postgres-operator/internal/controller/postgrescluster/cluster.go:451.30,453.44 1 0
github.com/crunchydata/postgres-operator/internal/controller/postgrescluster/cluster.go:453.44,455.4 1 0
github.com/crunchydata/postgres-operator/internal/controller/postgrescluster/cluster.go:458.2,458.18 1 0
github.com/crunchydata/postgres-operator/internal/controller/postgrescluster/controller.go:76.3,87.35 5 0
github.com/crunchydata/postgres-operator/internal/controller/postgrescluster/controller.go:87.35,89.3 1 0
github.com/crunchydata/postgres-operator/internal/controller/postgrescluster/controller.go:92.2,102.61 2 0
github.com/crunchydata/postgres-operator/internal/controller/postgrescluster/controller.go:102.61,106.3 2 0
github.com/crunchydata/postgres-operator/internal/controller/postgrescluster/controller.go:106.8,106.26 1 0
github.com/crunchydata/postgres-operator/internal/controller/postgrescluster/controller.go:106.26,107.37 1 0
github.com/crunchydata/postgres-operator/internal/controller/postgrescluster/controller.go:107.37,109.4 1 0
github.com/crunchydata/postgres-operator/internal/controller/postgrescluster/controller.go:110.3,110.22 1 0
github.com/crunchydata/postgres-operator/internal/controller/postgrescluster/controller.go:118.2,118.58 1 0
github.com/crunchydata/postgres-operator/internal/controller/postgrescluster/controller.go:118.58,124.53 2 0
github.com/crunchydata/postgres-operator/internal/controller/postgrescluster/controller.go:124.53,126.4 1 0
github.com/crunchydata/postgres-operator/internal/controller/postgrescluster/controller.go:130.2,131.72 2 0
github.com/crunchydata/postgres-operator/internal/controller/postgrescluster/controller.go:131.72,137.3 1 0
github.com/crunchydata/postgres-operator/internal/controller/postgrescluster/controller.go:139.2,142.39 1 0
github.com/crunchydata/postgres-operator/internal/controller/postgrescluster/controller.go:142.39,150.3 4 0
github.com/crunchydata/postgres-operator/internal/controller/postgrescluster/controller.go:152.2,173.37 2 0
github.com/crunchydata/postgres-operator/internal/controller/postgrescluster/controller.go:173.37,174.66 1 0
github.com/crunchydata/postgres-operator/internal/controller/postgrescluster/controller.go:174.66,177.87 1 0
github.com/crunchydata/postgres-operator/internal/controller/postgrescluster/controller.go:177.87,180.5 2 0
github.com/crunchydata/postgres-operator/internal/controller/postgrescluster/controller.go:181.4,181.43 1 0
github.com/crunchydata/postgres-operator/internal/controller/postgrescluster/controller.go:183.3,183.13 1 0
github.com/crunchydata/postgres-operator/internal/controller/postgrescluster/controller.go:186.2,186.103 1 0
github.com/crunchydata/postgres-operator/internal/controller/postgrescluster/controller.go:186.103,188.3 1 0
github.com/crunchydata/postgres-operator/internal/controller/postgrescluster/controller.go:189.2,193.56 3 0
github.com/crunchydata/postgres-operator/internal/controller/postgrescluster/controller.go:193.56,203.3 2 0
github.com/crunchydata/postgres-operator/internal/controller/postgrescluster/controller.go:203.8,205.3 1 0
github.com/crunchydata/postgres-operator/internal/controller/postgrescluster/controller.go:207.2,207.16 1 0
github.com/crunchydata/postgres-operator/internal/controller/postgrescluster/controller.go:207.16,211.36 2 0
github.com/crunchydata/postgres-operator/internal/controller/postgrescluster/controller.go:211.36,223.4 2 0
github.com/crunchydata/postgres-operator/internal/controller/postgrescluster/controller.go:223.9,225.4 1 0
github.com/crunchydata/postgres-operator/internal/controller/postgrescluster/controller.go:228.2,233.16 4 0
github.com/crunchydata/postgres-operator/internal/controller/postgrescluster/controller.go:233.16,235.3 1 0
github.com/crunchydata/postgres-operator/internal/controller/postgrescluster/controller.go:237.2,237.16 1 0
github.com/crunchydata/postgres-operator/internal/controller/postgrescluster/controller.go:237.16,245.32 2 0
github.com/crunchydata/postgres-operator/internal/controller/postgrescluster/controller.go:245.32,248.4 1 0
github.com/crunchydata/postgres-operator/internal/controller/postgrescluster/controller.go:250.2,250.16 1 0
github.com/crunchydata/postgres-operator/internal/controller/postgrescluster/controller.go:250.16,252.3 1 0
github.com/crunchydata/postgres-operator/internal/controller/postgrescluster/controller.go:253.2,253.16 1 0
github.com/crunchydata/postgres-operator/internal/controller/postgrescluster/controller.go:253.16,255.3 1 0
github.com/crunchydata/postgres-operator/internal/controller/postgrescluster/controller.go:256.2,256.16 1 0
github.com/crunchydata/postgres-operator/internal/controller/postgrescluster/controller.go:256.16,258.3 1 0
github.com/crunchydata/postgres-operator/internal/controller/postgrescluster/controller.go:260.2,262.16 2 0
github.com/crunchydata/postgres-operator/internal/controller/postgrescluster/controller.go:262.16,264.98 2 0
github.com/crunchydata/postgres-operator/internal/controller/postgrescluster/controller.go:264.98,266.4 1 0
github.com/crunchydata/postgres-operator/internal/controller/postgrescluster/controller.go:268.2,268.16 1 0
github.com/crunchydata/postgres-operator/internal/controller/postgrescluster/controller.go:268.16,270.3 1 0
github.com/crunchydata/postgres-operator/internal/controller/postgrescluster/controller.go:275.2,275.16 1 0
github.com/crunchydata/postgres-operator/internal/controller/postgrescluster/controller.go:275.16,277.3 1 0
github.com/crunchydata/postgres-operator/internal/controller/postgrescluster/controller.go:282.2,282.16 1 0
github.com/crunchydata/postgres-operator/internal/controller/postgrescluster/controller.go:282.16,284.3 1 0
github.com/crunchydata/postgres-operator/internal/controller/postgrescluster/controller.go:288.2,288.16 1 0
github.com/crunchydata/postgres-operator/internal/controller/postgrescluster/controller.go:288.16,296.32 2 0
github.com/crunchydata/postgres-operator/internal/controller/postgrescluster/controller.go:296.32,298.4 1 0
github.com/crunchydata/postgres-operator/internal/controller/postgrescluster/controller.go:300.2,300.16 1 0
github.com/crunchydata/postgres-operator/internal/controller/postgrescluster/controller.go:300.16,302.3 1 0
github.com/crunchydata/postgres-operator/internal/controller/postgrescluster/controller.go:303.2,303.16 1 0
github.com/crunchydata/postgres-operator/internal/controller/postgrescluster/controller.go:303.16,305.3 1 0
github.com/crunchydata/postgres-operator/internal/controller/postgrescluster/controller.go:306.2,306.16 1 0
github.com/crunchydata/postgres-operator/internal/controller/postgrescluster/controller.go:306.16,308.3 1 0
github.com/crunchydata/postgres-operator/internal/controller/postgrescluster/controller.go:309.2,309.16 1 0
github.com/crunchydata/postgres-operator/internal/controller/postgrescluster/controller.go:309.16,311.3 1 0
github.com/crunchydata/postgres-operator/internal/controller/postgrescluster/controller.go:312.2,312.16 1 0
github.com/crunchydata/postgres-operator/internal/controller/postgrescluster/controller.go:312.16,314.3 1 0
github.com/crunchydata/postgres-operator/internal/controller/postgrescluster/controller.go:315.2,315.16 1 0
github.com/crunchydata/postgres-operator/internal/controller/postgrescluster/controller.go:315.16,317.3 1 0
github.com/crunchydata/postgres-operator/internal/controller/postgrescluster/controller.go:318.2,318.16 1 0
github.com/crunchydata/postgres-operator/internal/controller/postgrescluster/controller.go:318.16,320.3 1 0
github.com/crunchydata/postgres-operator/internal/controller/postgrescluster/controller.go:321.2,321.16 1 0
github.com/crunchydata/postgres-operator/internal/controller/postgrescluster/controller.go:321.16,323.3 1 0
github.com/crunchydata/postgres-operator/internal/controller/postgrescluster/controller.go:324.2,324.16 1 0
github.com/crunchydata/postgres-operator/internal/controller/postgrescluster/controller.go:324.16,326.3 1 0
github.com/crunchydata/postgres-operator/internal/controller/postgrescluster/controller.go:327.2,327.16 1 0
github.com/crunchydata/postgres-operator/internal/controller/postgrescluster/controller.go:327.16,329.3 1 0
github.com/crunchydata/postgres-operator/internal/controller/postgrescluster/controller.go:330.2,330.16 1 0
github.com/crunchydata/postgres-operator/internal/controller/postgrescluster/controller.go:330.16,332.3 1 0
github.com/crunchydata/postgres-operator/internal/controller/postgrescluster/controller.go:333.2,333.16 1 0
github.com/crunchydata/postgres-operator/internal/controller/postgrescluster/controller.go:333.16,340.3 1 0
github.com/crunchydata/postgres-operator/internal/controller/postgrescluster/controller.go:342.2,342.16 1 0
github.com/crunchydata/postgres-operator/internal/controller/postgrescluster/controller.go:342.16,344.3 1 0
github.com/crunchydata/postgres-operator/internal/controller/postgrescluster/controller.go:345.2,345.16 1 0
github.com/crunchydata/postgres-operator/internal/controller/postgrescluster/controller.go:345.16,347.3 1 0
github.com/crunchydata/postgres-operator/internal/controller/postgrescluster/controller.go:349.2,349.16 1 0
github.com/crunchydata/postgres-operator/internal/controller/postgrescluster/controller.go:349.16,352.71 2 0
github.com/crunchydata/postgres-operator/internal/controller/postgrescluster/controller.go:352.71,354.29 2 0
github.com/crunchydata/postgres-operator/internal/controller/postgrescluster/controller.go:354.29,356.5 1 0
github.com/crunchydata/postgres-operator/internal/controller/postgrescluster/controller.go:359.2,359.16 1 0
github.com/crunchydata/postgres-operator/internal/controller/postgrescluster/controller.go:359.16,361.3 1 0
github.com/crunchydata/postgres-operator/internal/controller/postgrescluster/controller.go:362.2,362.16 1 0
github.com/crunchydata/postgres-operator/internal/controller/postgrescluster/controller.go:362.16,364.3 1 0
github.com/crunchydata/postgres-operator/internal/controller/postgrescluster/controller.go:365.2,365.16 1 0
github.com/crunchydata/postgres-operator/internal/controller/postgrescluster/controller.go:365.16,367.3 1 0
github.com/crunchydata/postgres-operator/internal/controller/postgrescluster/controller.go:368.2,368.16 1 0
github.com/crunchydata/postgres-operator/internal/controller/postgrescluster/controller.go:368.16,370.3 1 0
github.com/crunchydata/postgres-operator/internal/controller/postgrescluster/controller.go:371.2,371.16 1 0
github.com/crunchydata/postgres-operator/internal/controller/postgrescluster/controller.go:371.16,373.3 1 0
github.com/crunchydata/postgres-operator/internal/controller/postgrescluster/controller.go:374.2,374.16 1 0
github.com/crunchydata/postgres-operator/internal/controller/postgrescluster/controller.go:374.16,376.3 1 0
github.com/crunchydata/postgres-operator/internal/controller/postgrescluster/controller.go:377.2,377.16 1 0
github.com/crunchydata/postgres-operator/internal/controller/postgrescluster/controller.go:377.16,381.3 1 0
github.com/crunchydata/postgres-operator/internal/controller/postgrescluster/controller.go:385.2,389.77 3 0
github.com/crunchydata/postgres-operator/internal/controller/postgrescluster/controller.go:395.9,396.44 1 0
github.com/crunchydata/postgres-operator/internal/controller/postgrescluster/controller.go:396.44,402.3 4 0
github.com/crunchydata/postgres-operator/internal/controller/postgrescluster/controller.go:404.2,404.12 1 0
github.com/crunchydata/postgres-operator/internal/controller/postgrescluster/controller.go:419.9,421.2 1 61
github.com/crunchydata/postgres-operator/internal/controller/postgrescluster/controller.go:427.9,429.2 1 0
github.com/crunchydata/postgres-operator/internal/controller/postgrescluster/controller.go:447.78,480.2 5 0
github.com/crunchydata/postgres-operator/internal/controller/postgrescluster/controller_ref_manager.go:28.27,30.71 1 0
github.com/crunchydata/postgres-operator/internal/controller/postgrescluster/controller_ref_manager.go:30.71,32.3 1 0
github.com/crunchydata/postgres-operator/internal/controller/postgrescluster/controller_ref_manager.go:34.2,36.16 2 0
github.com/crunchydata/postgres-operator/internal/controller/postgrescluster/controller_ref_manager.go:36.16,38.3 1 0
github.com/crunchydata/postgres-operator/internal/controller/postgrescluster/controller_ref_manager.go:40.2,40.93 1 0
github.com/crunchydata/postgres-operator/internal/controller/postgrescluster/controller_ref_manager.go:53.27,56.26 2 0
github.com/crunchydata/postgres-operator/internal/controller/postgrescluster/controller_ref_manager.go:56.26,58.52 1 0
github.com/crunchydata/postgres-operator/internal/controller/postgrescluster/controller_ref_manager.go:58.52,60.4 1 0
github.com/crunchydata/postgres-operator/internal/controller/postgrescluster/controller_ref_manager.go:65.3,65.56 1 0
github.com/crunchydata/postgres-operator/internal/controller/postgrescluster/controller_ref_manager.go:65.56,67.4 1 0
github.com/crunchydata/postgres-operator/internal/controller/postgrescluster/controller_ref_manager.go:71.3,71.52 1 0
github.com/crunchydata/postgres-operator/internal/controller/postgrescluster/controller_ref_manager.go:71.52,73.4 1 0
github.com/crunchydata/postgres-operator/internal/controller/postgrescluster/controller_ref_manager.go:75.3,76.44 1 0
github.com/crunchydata/postgres-operator/internal/controller/postgrescluster/controller_ref_manager.go:76.44,78.4 1 0
github.com/crunchydata/postgres-operator/internal/controller/postgrescluster/controller_ref_manager.go:81.3,81.13 1 0
github.com/crunchydata/postgres-operator/internal/controller/postgrescluster/controller_ref_manager.go:87.2,88.73 2 0
github.com/crunchydata/postgres-operator/internal/controller/postgrescluster/controller_ref_manager.go:88.73,90.3 1 0
github.com/crunchydata/postgres-operator/internal/controller/postgrescluster/controller_ref_manager.go:91.2,91.39 1 0
github.com/crunchydata/postgres-operator/internal/controller/postgrescluster/controller_ref_manager.go:91.39,93.3 1 0
github.com/crunchydata/postgres-operator/internal/controller/postgrescluster/controller_ref_manager.go:94.2,94.65 1 0
github.com/crunchydata/postgres-operator/internal/controller/postgrescluster/controller_ref_manager.go:94.65,97.32 1 0
github.com/crunchydata/postgres-operator/internal/controller/postgrescluster/controller_ref_manager.go:97.32,99.4 1 0
github.com/crunchydata/postgres-operator/internal/controller/postgrescluster/controller_ref_manager.go:100.3,100.13 1 0
github.com/crunchydata/postgres-operator/internal/controller/postgrescluster/controller_ref_manager.go:104.2,104.12 1 0
github.com/crunchydata/postgres-operator/internal/controller/postgrescluster/controller_ref_manager.go:110.61,116.69 3 0
github.com/crunchydata/postgres-operator/internal/controller/postgrescluster/controller_ref_manager.go:116.69,118.3 1 0
github.com/crunchydata/postgres-operator/internal/controller/postgrescluster/controller_ref_manager.go:118.8,118.62 1 0
github.com/crunchydata/postgres-operator/internal/controller/postgrescluster/controller_ref_manager.go:118.62,120.3 1 0
github.com/crunchydata/postgres-operator/internal/controller/postgrescluster/controller_ref_manager.go:122.2,122.23 1 0
github.com/crunchydata/postgres-operator/internal/controller/postgrescluster/controller_ref_manager.go:122.23,124.3 1 0
github.com/crunchydata/postgres-operator/internal/controller/postgrescluster/controller_ref_manager.go:126.2,130.34 2 0
github.com/crunchydata/postgres-operator/internal/controller/postgrescluster/controller_ref_manager.go:130.34,131.32 1 0
github.com/crunchydata/postgres-operator/internal/controller/postgrescluster/controller_ref_manager.go:131.32,133.4 1 0
github.com/crunchydata/postgres-operator/internal/controller/postgrescluster/controller_ref_manager.go:134.3,134.25 1 0
github.com/crunchydata/postgres-operator/internal/controller/postgrescluster/controller_ref_manager.go:137.2,137.35 1 0
github.com/crunchydata/postgres-operator/internal/controller/postgrescluster/controller_ref_manager.go:144.27,147.16 2 0
github.com/crunchydata/postgres-operator/internal/controller/postgrescluster/controller_ref_manager.go:147.16,149.3 1 0
github.com/crunchydata/postgres-operator/internal/controller/postgrescluster/controller_ref_manager.go:150.2,150.12 1 0
github.com/crunchydata/postgres-operator/internal/controller/postgrescluster/controller_ref_manager.go:150.12,152.3 1 0
github.com/crunchydata/postgres-operator/internal/controller/postgrescluster/controller_ref_manager.go:154.2,154.49 1 0
github.com/crunchydata/postgres-operator/internal/controller/postgrescluster/controller_ref_manager.go:161.69,169.16 2 0
github.com/crunchydata/postgres-operator/internal/controller/postgrescluster/controller_ref_manager.go:169.16,171.3 1 0
github.com/crunchydata/postgres-operator/internal/controller/postgrescluster/controller_ref_manager.go:173.2,173.88 1 0
github.com/crunchydata/postgres-operator/internal/controller/postgrescluster/controller_ref_manager.go:178.65,184.139 3 0
github.com/crunchydata/postgres-operator/internal/controller/postgrescluster/controller_ref_manager.go:184.139,185.74 1 0
github.com/crunchydata/postgres-operator/internal/controller/postgrescluster/controller_ref_manager.go:185.74,187.5 1 0
github.com/crunchydata/postgres-operator/internal/controller/postgrescluster/controller_ref_manager.go:189.139,190.77 1 0
github.com/crunchydata/postgres-operator/internal/controller/postgrescluster/controller_ref_manager.go:190.77,192.5 1 0
github.com/crunchydata/postgres-operator/internal/controller/postgrescluster/controller_ref_manager.go:194.139,195.74 1 0
github.com/crunchydata/postgres-operator/internal/controller/postgrescluster/controller_ref_manager.go:195.74,197.5 1 0
github.com/crunchydata/postgres-operator/internal/controller/postgrescluster/delete.go:27.30,42.40 2 0
github.com/crunchydata/postgres-operator/internal/controller/postgrescluster/delete.go:42.40,43.39 1 0
github.com/crunchydata/postgres-operator/internal/controller/postgrescluster/delete.go:43.39,47.4 1 0
github.com/crunchydata/postgres-operator/internal/controller/postgrescluster/delete.go:57.3,65.18 5 0
github.com/crunchydata/postgres-operator/internal/controller/postgrescluster/delete.go:68.2,68.39 1 0
github.com/crunchydata/postgres-operator/internal/controller/postgrescluster/delete.go:68.39,72.3 1 0
github.com/crunchydata/postgres-operator/internal/controller/postgrescluster/delete.go:77.2,77.64 1 0
github.com/crunchydata/postgres-operator/internal/controller/postgrescluster/delete.go:77.64,79.3 1 0
github.com/crunchydata/postgres-operator/internal/controller/postgrescluster/delete.go:79.8,79.26 1 0
github.com/crunchydata/postgres-operator/internal/controller/postgrescluster/delete.go:79.26,81.3 1 0
github.com/crunchydata/postgres-operator/internal/controller/postgrescluster/delete.go:84.2,84.63 1 0
github.com/crunchydata/postgres-operator/internal/controller/postgrescluster/delete.go:84.63,86.3 1 0
github.com/crunchydata/postgres-operator/internal/controller/postgrescluster/delete.go:95.2,103.33 5 0
github.com/crunchydata/postgres-operator/internal/controller/postgrescluster/instance.go:54.62,62.2 3 22
github.com/crunchydata/postgres-operator/internal/controller/postgrescluster/instance.go:65.58,66.22 1 9
github.com/crunchydata/postgres-operator/internal/controller/postgrescluster/instance.go:66.22,68.3 1 0
github.com/crunchydata/postgres-operator/internal/controller/postgrescluster/instance.go:70.2,70.77 1 9
github.com/crunchydata/postgres-operator/internal/controller/postgrescluster/instance.go:75.54,76.22 1 22
github.com/crunchydata/postgres-operator/internal/controller/postgrescluster/instance.go:76.22,77.57 1 22
github.com/crunchydata/postgres-operator/internal/controller/postgrescluster/instance.go:77.57,78.41 1 22
github.com/crunchydata/postgres-operator/internal/controller/postgrescluster/instance.go:78.41,80.5 1 22
github.com/crunchydata/postgres-operator/internal/controller/postgrescluster/instance.go:84.2,84.21 1 0
github.com/crunchydata/postgres-operator/internal/controller/postgrescluster/instance.go:88.74,89.22 1 24
github.com/crunchydata/postgres-operator/internal/controller/postgrescluster/instance.go:89.22,90.61 1 22
github.com/crunchydata/postgres-operator/internal/controller/postgrescluster/instance.go:90.61,91.32 1 21
github.com/crunchydata/postgres-operator/internal/controller/postgrescluster/instance.go:91.32,93.5 1 18
github.com/crunchydata/postgres-operator/internal/controller/postgrescluster/instance.go:95.3,95.65 1 4
github.com/crunchydata/postgres-operator/internal/controller/postgrescluster/instance.go:95.65,96.32 1 1
github.com/crunchydata/postgres-operator/internal/controller/postgrescluster/instance.go:96.32,98.5 1 1
github.com/crunchydata/postgres-operator/internal/controller/postgrescluster/instance.go:102.2,102.21 1 5
github.com/crunchydata/postgres-operator/internal/controller/postgrescluster/instance.go:107.66,108.22 1 40
github.com/crunchydata/postgres-operator/internal/controller/postgrescluster/instance.go:108.22,110.3 1 0
github.com/crunchydata/postgres-operator/internal/controller/postgrescluster/instance.go:118.2,118.49 1 40
github.com/crunchydata/postgres-operator/internal/controller/postgrescluster/instance.go:123.55,124.22 1 12
github.com/crunchydata/postgres-operator/internal/controller/postgrescluster/instance.go:124.22,126.3 1 1
github.com/crunchydata/postgres-operator/internal/controller/postgrescluster/instance.go:128.2,131.14 3 11
github.com/crunchydata/postgres-operator/internal/controller/postgrescluster/instance.go:131.14,133.3 1 2
github.com/crunchydata/postgres-operator/internal/controller/postgrescluster/instance.go:137.2,138.61 1 9
github.com/crunchydata/postgres-operator/internal/controller/postgrescluster/instance.go:144.70,145.41 1 10
github.com/crunchydata/postgres-operator/internal/controller/postgrescluster/instance.go:145.41,147.3 1 0
github.com/crunchydata/postgres-operator/internal/controller/postgrescluster/instance.go:149.2,149.63 1 10
github.com/crunchydata/postgres-operator/internal/controller/postgrescluster/instance.go:149.63,151.3 1 0
github.com/crunchydata/postgres-operator/internal/controller/postgrescluster/instance.go:155.2,156.60 2 10
github.com/crunchydata/postgres-operator/internal/controller/postgrescluster/instance.go:165.36,167.2 1 3
github.com/crunchydata/postgres-operator/internal/controller/postgrescluster/instance.go:168.46,170.2 1 3
github.com/crunchydata/postgres-operator/internal/controller/postgrescluster/instance.go:171.41,173.2 1 2
github.com/crunchydata/postgres-operator/internal/controller/postgrescluster/instance.go:178.55,179.79 1 3
github.com/crunchydata/postgres-operator/internal/controller/postgrescluster/instance.go:179.79,181.56 1 3
github.com/crunchydata/postgres-operator/internal/controller/postgrescluster/instance.go:181.56,183.4 1 0
github.com/crunchydata/postgres-operator/internal/controller/postgrescluster/instance.go:184.3,184.56 1 3
github.com/crunchydata/postgres-operator/internal/controller/postgrescluster/instance.go:184.56,186.4 1 1
github.com/crunchydata/postgres-operator/internal/controller/postgrescluster/instance.go:189.3,189.62 1 2
github.com/crunchydata/postgres-operator/internal/controller/postgrescluster/instance.go:189.62,191.4 1 1
github.com/crunchydata/postgres-operator/internal/controller/postgrescluster/instance.go:192.3,192.62 1 1
github.com/crunchydata/postgres-operator/internal/controller/postgrescluster/instance.go:192.62,194.4 1 1
github.com/crunchydata/postgres-operator/internal/controller/postgrescluster/instance.go:196.3,196.25 1 0
github.com/crunchydata/postgres-operator/internal/controller/postgrescluster/instance.go:213.22,221.43 3 13
github.com/crunchydata/postgres-operator/internal/controller/postgrescluster/instance.go:221.43,225.3 3 10
github.com/crunchydata/postgres-operator/internal/controller/postgrescluster/instance.go:226.2,226.25 1 13
github.com/crunchydata/postgres-operator/internal/controller/postgrescluster/instance.go:226.25,240.3 7 8
github.com/crunchydata/postgres-operator/internal/controller/postgrescluster/instance.go:241.2,241.22 1 13
github.com/crunchydata/postgres-operator/internal/controller/postgrescluster/instance.go:241.22,246.22 4 2
github.com/crunchydata/postgres-operator/internal/controller/postgrescluster/instance.go:246.22,255.4 5 1
github.com/crunchydata/postgres-operator/internal/controller/postgrescluster/instance.go:256.3,256.50 1 2
github.com/crunchydata/postgres-operator/internal/controller/postgrescluster/instance.go:259.2,259.18 1 13
github.com/crunchydata/postgres-operator/internal/controller/postgrescluster/instance.go:266.91,267.21 1 6
github.com/crunchydata/postgres-operator/internal/controller/postgrescluster/instance.go:267.21,269.3 1 0
github.com/crunchydata/postgres-operator/internal/controller/postgrescluster/instance.go:271.2,271.47 1 6
github.com/crunchydata/postgres-operator/internal/controller/postgrescluster/instance.go:271.47,272.76 1 5
github.com/crunchydata/postgres-operator/internal/controller/postgrescluster/instance.go:272.76,273.12 1 1
github.com/crunchydata/postgres-operator/internal/controller/postgrescluster/instance.go:275.3,275.68 1 4
github.com/crunchydata/postgres-operator/internal/controller/postgrescluster/instance.go:275.68,276.12 1 1
github.com/crunchydata/postgres-operator/internal/controller/postgrescluster/instance.go:278.3,279.49 2 3
github.com/crunchydata/postgres-operator/internal/controller/postgrescluster/instance.go:279.49,281.4 1 2
github.com/crunchydata/postgres-operator/internal/controller/postgrescluster/instance.go:284.2,284.17 1 4
github.com/crunchydata/postgres-operator/internal/controller/postgrescluster/instance.go:294.31,301.16 5 0
github.com/crunchydata/postgres-operator/internal/controller/postgrescluster/instance.go:301.16,307.3 1 0
github.com/crunchydata/postgres-operator/internal/controller/postgrescluster/instance.go:308.2,308.16 1 0
github.com/crunchydata/postgres-operator/internal/controller/postgrescluster/instance.go:308.16,314.3 1 0
github.com/crunchydata/postgres-operator/internal/controller/postgrescluster/instance.go:316.2,323.14 4 0
github.com/crunchydata/postgres-operator/internal/controller/postgrescluster/instance.go:323.14,324.56 1 0
github.com/crunchydata/postgres-operator/internal/controller/postgrescluster/instance.go:324.56,325.43 1 0
github.com/crunchydata/postgres-operator/internal/controller/postgrescluster/instance.go:325.43,327.5 1 0
github.com/crunchydata/postgres-operator/internal/controller/postgrescluster/instance.go:329.3,329.56 1 0
github.com/crunchydata/postgres-operator/internal/controller/postgrescluster/instance.go:329.56,330.42 1 0
github.com/crunchydata/postgres-operator/internal/controller/postgrescluster/instance.go:330.42,332.5 1 0
github.com/crunchydata/postgres-operator/internal/controller/postgrescluster/instance.go:337.2,338.52 2 0
github.com/crunchydata/postgres-operator/internal/controller/postgrescluster/instance.go:338.52,343.49 4 0
github.com/crunchydata/postgres-operator/internal/controller/postgrescluster/instance.go:343.49,347.58 2 0
github.com/crunchydata/postgres-operator/internal/controller/postgrescluster/instance.go:347.58,349.5 1 0
github.com/crunchydata/postgres-operator/internal/controller/postgrescluster/instance.go:350.4,350.76 1 0
github.com/crunchydata/postgres-operator/internal/controller/postgrescluster/instance.go:350.76,352.5 1 0
github.com/crunchydata/postgres-operator/internal/controller/postgrescluster/instance.go:353.4,353.16 1 0
github.com/crunchydata/postgres-operator/internal/controller/postgrescluster/instance.go:353.16,359.39 1 0
github.com/crunchydata/postgres-operator/internal/controller/postgrescluster/instance.go:359.39,361.60 1 0
github.com/crunchydata/postgres-operator/internal/controller/postgrescluster/instance.go:361.60,363.7 1 0
github.com/crunchydata/postgres-operator/internal/controller/postgrescluster/instance.go:364.6,364.59 1 0
github.com/crunchydata/postgres-operator/internal/controller/postgrescluster/instance.go:364.59,366.7 1 0
github.com/crunchydata/postgres-operator/internal/controller/postgrescluster/instance.go:378.3,378.15 1 0
github.com/crunchydata/postgres-operator/internal/controller/postgrescluster/instance.go:378.15,379.50 1 0
github.com/crunchydata/postgres-operator/internal/controller/postgrescluster/instance.go:379.50,384.28 1 0
github.com/crunchydata/postgres-operator/internal/controller/postgrescluster/instance.go:384.28,386.6 1 0
github.com/crunchydata/postgres-operator/internal/controller/postgrescluster/instance.go:386.11,388.6 1 0
github.com/crunchydata/postgres-operator/internal/controller/postgrescluster/instance.go:390.5,394.27 1 0
github.com/crunchydata/postgres-operator/internal/controller/postgrescluster/instance.go:394.27,396.6 1 0
github.com/crunchydata/postgres-operator/internal/controller/postgrescluster/instance.go:396.11,398.6 1 0
github.com/crunchydata/postgres-operator/internal/controller/postgrescluster/instance.go:402.3,402.76 1 0
github.com/crunchydata/postgres-operator/internal/controller/postgrescluster/instance.go:405.2,405.22 1 0
github.com/crunchydata/postgres-operator/internal/controller/postgrescluster/instance.go:415.30,419.16 3 0
github.com/crunchydata/postgres-operator/internal/controller/postgrescluster/instance.go:419.16,425.3 1 0
github.com/crunchydata/postgres-operator/internal/controller/postgrescluster/instance.go:426.2,426.16 1 0
github.com/crunchydata/postgres-operator/internal/controller/postgrescluster/instance.go:426.16,428.3 1 0
github.com/crunchydata/postgres-operator/internal/controller/postgrescluster/instance.go:430.2,430.26 1 0
github.com/crunchydata/postgres-operator/internal/controller/postgrescluster/instance.go:430.26,434.3 1 0
github.com/crunchydata/postgres-operator/internal/controller/postgrescluster/instance.go:438.2,441.38 2 0
github.com/crunchydata/postgres-operator/internal/controller/postgrescluster/instance.go:441.38,445.54 3 0
github.com/crunchydata/postgres-operator/internal/controller/postgrescluster/instance.go:446.21,447.80 1 0
github.com/crunchydata/postgres-operator/internal/controller/postgrescluster/instance.go:449.36,450.32 1 0
github.com/crunchydata/postgres-operator/internal/controller/postgrescluster/instance.go:452.11,453.58 1 0
github.com/crunchydata/postgres-operator/internal/controller/postgrescluster/instance.go:458.3,465.17 3 0
github.com/crunchydata/postgres-operator/internal/controller/postgrescluster/instance.go:465.17,467.4 1 0
github.com/crunchydata/postgres-operator/internal/controller/postgrescluster/instance.go:468.3,468.36 1 0
github.com/crunchydata/postgres-operator/internal/controller/postgrescluster/instance.go:471.2,471.26 1 0
github.com/crunchydata/postgres-operator/internal/controller/postgrescluster/instance.go:471.26,474.3 1 0
github.com/crunchydata/postgres-operator/internal/controller/postgrescluster/instance.go:479.2,480.28 2 0
github.com/crunchydata/postgres-operator/internal/controller/postgrescluster/instance.go:480.28,482.54 2 0
github.com/crunchydata/postgres-operator/internal/controller/postgrescluster/instance.go:482.54,485.4 2 0
github.com/crunchydata/postgres-operator/internal/controller/postgrescluster/instance.go:490.3,490.35 1 0
github.com/crunchydata/postgres-operator/internal/controller/postgrescluster/instance.go:490.35,493.4 2 0
github.com/crunchydata/postgres-operator/internal/controller/postgrescluster/instance.go:496.2,496.21 1 0
github.com/crunchydata/postgres-operator/internal/controller/postgrescluster/instance.go:509.9,529.27 3 0
github.com/crunchydata/postgres-operator/internal/controller/postgrescluster/instance.go:529.27,530.17 1 0
github.com/crunchydata/postgres-operator/internal/controller/postgrescluster/instance.go:530.17,540.31 4 0
github.com/crunchydata/postgres-operator/internal/controller/postgrescluster/instance.go:540.31,541.19 1 0
github.com/crunchydata/postgres-operator/internal/controller/postgrescluster/instance.go:541.19,544.6 1 0
github.com/crunchydata/postgres-operator/internal/controller/postgrescluster/instance.go:549.2,549.12 1 0
github.com/crunchydata/postgres-operator/internal/controller/postgrescluster/instance.go:570.9,577.48 1 0
github.com/crunchydata/postgres-operator/internal/controller/postgrescluster/instance.go:577.48,578.63 1 0
github.com/crunchydata/postgres-operator/internal/controller/postgrescluster/instance.go:578.63,579.62 1 0
github.com/crunchydata/postgres-operator/internal/controller/postgrescluster/instance.go:579.62,582.5 2 0
github.com/crunchydata/postgres-operator/internal/controller/postgrescluster/instance.go:582.10,585.5 2 0
github.com/crunchydata/postgres-operator/internal/controller/postgrescluster/instance.go:590.2,591.38 2 0
github.com/crunchydata/postgres-operator/internal/controller/postgrescluster/instance.go:591.38,593.3 1 0
github.com/crunchydata/postgres-operator/internal/controller/postgrescluster/instance.go:598.2,598.43 1 0
github.com/crunchydata/postgres-operator/internal/controller/postgrescluster/instance.go:598.43,610.17 3 0
github.com/crunchydata/postgres-operator/internal/controller/postgrescluster/instance.go:610.17,612.4 1 0
github.com/crunchydata/postgres-operator/internal/controller/postgrescluster/instance.go:613.3,613.17 1 0
github.com/crunchydata/postgres-operator/internal/controller/postgrescluster/instance.go:613.17,615.4 1 0
github.com/crunchydata/postgres-operator/internal/controller/postgrescluster/instance.go:621.2,622.16 2 0
github.com/crunchydata/postgres-operator/internal/controller/postgrescluster/instance.go:622.16,624.3 1 0
github.com/crunchydata/postgres-operator/internal/controller/postgrescluster/instance.go:627.2,628.16 2 0
github.com/crunchydata/postgres-operator/internal/controller/postgrescluster/instance.go:628.16,630.3 1 0
github.com/crunchydata/postgres-operator/internal/controller/postgrescluster/instance.go:633.2,634.55 1 0
github.com/crunchydata/postgres-operator/internal/controller/postgrescluster/instance.go:634.55,636.4 1 0
github.com/crunchydata/postgres-operator/internal/controller/postgrescluster/instance.go:638.2,638.12 1 0
github.com/crunchydata/postgres-operator/internal/controller/postgrescluster/instance.go:648.9,652.16 3 0
github.com/crunchydata/postgres-operator/internal/controller/postgrescluster/instance.go:652.16,657.3 1 0
github.com/crunchydata/postgres-operator/internal/controller/postgrescluster/instance.go:659.2,659.16 1 0
github.com/crunchydata/postgres-operator/internal/controller/postgrescluster/instance.go:659.16,661.49 2 0
github.com/crunchydata/postgres-operator/internal/controller/postgrescluster/instance.go:661.49,663.4 1 0
github.com/crunchydata/postgres-operator/internal/controller/postgrescluster/instance.go:664.3,664.32 1 0
github.com/crunchydata/postgres-operator/internal/controller/postgrescluster/instance.go:664.32,666.72 2 0
github.com/crunchydata/postgres-operator/internal/controller/postgrescluster/instance.go:666.72,668.5 1 0
github.com/crunchydata/postgres-operator/internal/controller/postgrescluster/instance.go:672.2,672.35 1 0
github.com/crunchydata/postgres-operator/internal/controller/postgrescluster/instance.go:685.97,691.37 3 8
github.com/crunchydata/postgres-operator/internal/controller/postgrescluster/instance.go:691.37,693.40 1 10
github.com/crunchydata/postgres-operator/internal/controller/postgrescluster/instance.go:693.40,694.12 1 0
github.com/crunchydata/postgres-operator/internal/controller/postgrescluster/instance.go:696.3,698.63 3 10
github.com/crunchydata/postgres-operator/internal/controller/postgrescluster/instance.go:698.63,700.4 1 7
github.com/crunchydata/postgres-operator/internal/controller/postgrescluster/instance.go:707.2,707.35 1 8
github.com/crunchydata/postgres-operator/internal/controller/postgrescluster/instance.go:707.35,709.37 2 3
github.com/crunchydata/postgres-operator/internal/controller/postgrescluster/instance.go:709.37,711.39 2 3
github.com/crunchydata/postgres-operator/internal/controller/postgrescluster/instance.go:711.39,713.42 1 5
github.com/crunchydata/postgres-operator/internal/controller/postgrescluster/instance.go:713.42,714.14 1 0
github.com/crunchydata/postgres-operator/internal/controller/postgrescluster/instance.go:716.5,720.36 4 5
github.com/crunchydata/postgres-operator/internal/controller/postgrescluster/instance.go:720.36,722.6 1 2
github.com/crunchydata/postgres-operator/internal/controller/postgrescluster/instance.go:725.3,725.33 1 3
github.com/crunchydata/postgres-operator/internal/controller/postgrescluster/instance.go:730.2,730.33 1 8
github.com/crunchydata/postgres-operator/internal/controller/postgrescluster/instance.go:730.33,733.48 3 6
github.com/crunchydata/postgres-operator/internal/controller/postgrescluster/instance.go:733.48,735.4 1 3
github.com/crunchydata/postgres-operator/internal/controller/postgrescluster/instance.go:738.2,738.31 1 8
github.com/crunchydata/postgres-operator/internal/controller/postgrescluster/instance.go:749.9,753.55 1 3
github.com/crunchydata/postgres-operator/internal/controller/postgrescluster/instance.go:753.55,757.3 1 0
github.com/crunchydata/postgres-operator/internal/controller/postgrescluster/instance.go:759.2,760.102 2 3
github.com/crunchydata/postgres-operator/internal/controller/postgrescluster/instance.go:760.102,762.3 1 3
github.com/crunchydata/postgres-operator/internal/controller/postgrescluster/instance.go:764.2,778.46 3 3
github.com/crunchydata/postgres-operator/internal/controller/postgrescluster/instance.go:778.46,783.58 4 2
github.com/crunchydata/postgres-operator/internal/controller/postgrescluster/instance.go:783.58,785.4 1 1
github.com/crunchydata/postgres-operator/internal/controller/postgrescluster/instance.go:787.3,787.35 1 2
github.com/crunchydata/postgres-operator/internal/controller/postgrescluster/instance.go:794.2,794.13 1 1
github.com/crunchydata/postgres-operator/internal/controller/postgrescluster/instance.go:794.13,796.52 2 1
github.com/crunchydata/postgres-operator/internal/controller/postgrescluster/instance.go:796.52,798.4 1 0
github.com/crunchydata/postgres-operator/internal/controller/postgrescluster/instance.go:800.3,800.66 1 1
github.com/crunchydata/postgres-operator/internal/controller/postgrescluster/instance.go:800.66,820.4 8 1
github.com/crunchydata/postgres-operator/internal/controller/postgrescluster/instance.go:822.3,828.41 3 1
github.com/crunchydata/postgres-operator/internal/controller/postgrescluster/instance.go:828.41,830.4 1 0
github.com/crunchydata/postgres-operator/internal/controller/postgrescluster/instance.go:833.3,833.17 1 1
github.com/crunchydata/postgres-operator/internal/controller/postgrescluster/instance.go:833.17,836.4 1 0
github.com/crunchydata/postgres-operator/internal/controller/postgrescluster/instance.go:836.9,836.34 1 1
github.com/crunchydata/postgres-operator/internal/controller/postgrescluster/instance.go:836.34,839.4 1 0
github.com/crunchydata/postgres-operator/internal/controller/postgrescluster/instance.go:849.2,853.6 1 1
github.com/crunchydata/postgres-operator/internal/controller/postgrescluster/instance.go:864.9,873.48 7 8
github.com/crunchydata/postgres-operator/internal/controller/postgrescluster/instance.go:873.48,875.3 1 7
github.com/crunchydata/postgres-operator/internal/controller/postgrescluster/instance.go:877.2,877.48 1 8
github.com/crunchydata/postgres-operator/internal/controller/postgrescluster/instance.go:877.48,880.27 1 12
github.com/crunchydata/postgres-operator/internal/controller/postgrescluster/instance.go:880.27,881.12 1 1
github.com/crunchydata/postgres-operator/internal/controller/postgrescluster/instance.go:886.3,886.76 1 11
github.com/crunchydata/postgres-operator/internal/controller/postgrescluster/instance.go:886.76,887.12 1 1
github.com/crunchydata/postgres-operator/internal/controller/postgrescluster/instance.go:890.3,890.69 1 10
github.com/crunchydata/postgres-operator/internal/controller/postgrescluster/instance.go:890.69,892.4 1 9
github.com/crunchydata/postgres-operator/internal/controller/postgrescluster/instance.go:894.3,894.76 1 10
github.com/crunchydata/postgres-operator/internal/controller/postgrescluster/instance.go:894.76,896.12 2 9
github.com/crunchydata/postgres-operator/internal/controller/postgrescluster/instance.go:900.2,905.23 3 8
github.com/crunchydata/postgres-operator/internal/controller/postgrescluster/instance.go:905.23,907.3 1 3
github.com/crunchydata/postgres-operator/internal/controller/postgrescluster/instance.go:909.2,917.36 5 8
github.com/crunchydata/postgres-operator/internal/controller/postgrescluster/instance.go:917.36,918.17 1 9
github.com/crunchydata/postgres-operator/internal/controller/postgrescluster/instance.go:918.17,919.71 1 9
github.com/crunchydata/postgres-operator/internal/controller/postgrescluster/instance.go:919.71,921.5 1 1
github.com/crunchydata/postgres-operator/internal/controller/postgrescluster/instance.go:921.10,921.46 1 8
github.com/crunchydata/postgres-operator/internal/controller/postgrescluster/instance.go:921.46,924.5 2 3
github.com/crunchydata/postgres-operator/internal/controller/postgrescluster/instance.go:928.2,928.34 1 8
github.com/crunchydata/postgres-operator/internal/controller/postgrescluster/instance.go:945.9,949.48 2 0
github.com/crunchydata/postgres-operator/internal/controller/postgrescluster/instance.go:949.48,951.3 1 0
github.com/crunchydata/postgres-operator/internal/controller/postgrescluster/instance.go:954.2,955.58 2 0
github.com/crunchydata/postgres-operator/internal/controller/postgrescluster/instance.go:955.58,956.74 1 0
github.com/crunchydata/postgres-operator/internal/controller/postgrescluster/instance.go:956.74,958.4 1 0
github.com/crunchydata/postgres-operator/internal/controller/postgrescluster/instance.go:962.2,963.45 2 0
github.com/crunchydata/postgres-operator/internal/controller/postgrescluster/instance.go:963.45,965.3 1 0
github.com/crunchydata/postgres-operator/internal/controller/postgrescluster/instance.go:967.2,967.56 1 0
github.com/crunchydata/postgres-operator/internal/controller/postgrescluster/instance.go:967.56,968.37 1 0
github.com/crunchydata/postgres-operator/internal/controller/postgrescluster/instance.go:968.37,969.58 1 0
github.com/crunchydata/postgres-operator/internal/controller/postgrescluster/instance.go:969.58,971.19 2 0
github.com/crunchydata/postgres-operator/internal/controller/postgrescluster/instance.go:971.19,973.6 1 0
github.com/crunchydata/postgres-operator/internal/controller/postgrescluster/instance.go:978.2,978.12 1 0
github.com/crunchydata/postgres-operator/internal/controller/postgrescluster/instance.go:984.75,986.59 1 12
github.com/crunchydata/postgres-operator/internal/controller/postgrescluster/instance.go:986.59,989.15 2 11
github.com/crunchydata/postgres-operator/internal/controller/postgrescluster/instance.go:989.15,990.39 1 10
github.com/crunchydata/postgres-operator/internal/controller/postgrescluster/instance.go:990.39,991.54 1 18
github.com/crunchydata/postgres-operator/internal/controller/postgrescluster/instance.go:991.54,993.6 1 4
github.com/crunchydata/postgres-operator/internal/controller/postgrescluster/instance.go:997.3,997.38 1 11
github.com/crunchydata/postgres-operator/internal/controller/postgrescluster/instance.go:997.38,998.73 1 19
github.com/crunchydata/postgres-operator/internal/controller/postgrescluster/instance.go:998.73,1000.5 1 10
github.com/crunchydata/postgres-operator/internal/controller/postgrescluster/instance.go:1003.3,1003.14 1 11
github.com/crunchydata/postgres-operator/internal/controller/postgrescluster/instance.go:1006.2,1007.30 2 12
github.com/crunchydata/postgres-operator/internal/controller/postgrescluster/instance.go:1007.30,1009.38 2 11
github.com/crunchydata/postgres-operator/internal/controller/postgrescluster/instance.go:1009.38,1010.56 1 31
github.com/crunchydata/postgres-operator/internal/controller/postgrescluster/instance.go:1010.56,1012.5 1 19
github.com/crunchydata/postgres-operator/internal/controller/postgrescluster/instance.go:1014.3,1014.53 1 11
github.com/crunchydata/postgres-operator/internal/controller/postgrescluster/instance.go:1017.2,1017.20 1 12
github.com/crunchydata/postgres-operator/internal/controller/postgrescluster/instance.go:1044.34,1049.42 4 0
github.com/crunchydata/postgres-operator/internal/controller/postgrescluster/instance.go:1049.42,1052.23 2 0
github.com/crunchydata/postgres-operator/internal/controller/postgrescluster/instance.go:1052.23,1055.4 2 0
github.com/crunchydata/postgres-operator/internal/controller/postgrescluster/instance.go:1059.2,1059.42 1 0
github.com/crunchydata/postgres-operator/internal/controller/postgrescluster/instance.go:1059.42,1060.36 1 0
github.com/crunchydata/postgres-operator/internal/controller/postgrescluster/instance.go:1060.36,1067.39 4 0
github.com/crunchydata/postgres-operator/internal/controller/postgrescluster/instance.go:1067.39,1070.5 2 0
github.com/crunchydata/postgres-operator/internal/controller/postgrescluster/instance.go:1070.10,1071.35 1 0
github.com/crunchydata/postgres-operator/internal/controller/postgrescluster/instance.go:1071.35,1073.6 1 0
github.com/crunchydata/postgres-operator/internal/controller/postgrescluster/instance.go:1075.4,1075.12 1 0
github.com/crunchydata/postgres-operator/internal/controller/postgrescluster/instance.go:1078.3,1079.71 2 0
github.com/crunchydata/postgres-operator/internal/controller/postgrescluster/instance.go:1082.2,1083.27 2 0
github.com/crunchydata/postgres-operator/internal/controller/postgrescluster/instance.go:1083.27,1092.3 1 0
github.com/crunchydata/postgres-operator/internal/controller/postgrescluster/instance.go:1093.2,1093.16 1 0
github.com/crunchydata/postgres-operator/internal/controller/postgrescluster/instance.go:1093.16,1095.3 1 0
github.com/crunchydata/postgres-operator/internal/controller/postgrescluster/instance.go:1097.2,1097.23 1 0
github.com/crunchydata/postgres-operator/internal/controller/postgrescluster/instance.go:1123.9,1132.16 8 0
github.com/crunchydata/postgres-operator/internal/controller/postgrescluster/instance.go:1132.16,1136.3 1 0
github.com/crunchydata/postgres-operator/internal/controller/postgrescluster/instance.go:1138.2,1146.16 2 0
github.com/crunchydata/postgres-operator/internal/controller/postgrescluster/instance.go:1146.16,1148.3 1 0
github.com/crunchydata/postgres-operator/internal/controller/postgrescluster/instance.go:1149.2,1149.16 1 0
github.com/crunchydata/postgres-operator/internal/controller/postgrescluster/instance.go:1149.16,1152.3 1 0
github.com/crunchydata/postgres-operator/internal/controller/postgrescluster/instance.go:1153.2,1153.16 1 0
github.com/crunchydata/postgres-operator/internal/controller/postgrescluster/instance.go:1153.16,1155.3 1 0
github.com/crunchydata/postgres-operator/internal/controller/postgrescluster/instance.go:1156.2,1156.16 1 0
github.com/crunchydata/postgres-operator/internal/controller/postgrescluster/instance.go:1156.16,1158.3 1 0
github.com/crunchydata/postgres-operator/internal/controller/postgrescluster/instance.go:1159.2,1159.16 1 0
github.com/crunchydata/postgres-operator/internal/controller/postgrescluster/instance.go:1159.16,1161.3 1 0
github.com/crunchydata/postgres-operator/internal/controller/postgrescluster/instance.go:1162.2,1162.16 1 0
github.com/crunchydata/postgres-operator/internal/controller/postgrescluster/instance.go:1162.16,1169.23 2 0
github.com/crunchydata/postgres-operator/internal/controller/postgrescluster/instance.go:1169.23,1172.4 1 0
github.com/crunchydata/postgres-operator/internal/controller/postgrescluster/instance.go:1174.3,1176.75 1 0
github.com/crunchydata/postgres-operator/internal/controller/postgrescluster/instance.go:1180.2,1181.61 1 0
github.com/crunchydata/postgres-operator/internal/controller/postgrescluster/instance.go:1181.61,1186.57 2 0
github.com/crunchydata/postgres-operator/internal/controller/postgrescluster/instance.go:1186.57,1192.18 3 0
github.com/crunchydata/postgres-operator/internal/controller/postgrescluster/instance.go:1192.18,1194.5 1 0
github.com/crunchydata/postgres-operator/internal/controller/postgrescluster/instance.go:1201.3,1208.84 2 0
github.com/crunchydata/postgres-operator/internal/controller/postgrescluster/instance.go:1212.2,1212.16 1 0
github.com/crunchydata/postgres-operator/internal/controller/postgrescluster/instance.go:1212.16,1214.3 1 0
github.com/crunchydata/postgres-operator/internal/controller/postgrescluster/instance.go:1218.2,1218.16 1 0
github.com/crunchydata/postgres-operator/internal/controller/postgrescluster/instance.go:1218.16,1224.3 1 0
github.com/crunchydata/postgres-operator/internal/controller/postgrescluster/instance.go:1227.2,1227.16 1 0
github.com/crunchydata/postgres-operator/internal/controller/postgrescluster/instance.go:1227.16,1229.3 1 0
github.com/crunchydata/postgres-operator/internal/controller/postgrescluster/instance.go:1232.2,1232.16 1 0
github.com/crunchydata/postgres-operator/internal/controller/postgrescluster/instance.go:1232.16,1234.3 1 0
github.com/crunchydata/postgres-operator/internal/controller/postgrescluster/instance.go:1237.2,1237.75 1 0
github.com/crunchydata/postgres-operator/internal/controller/postgrescluster/instance.go:1237.75,1240.33 2 0
github.com/crunchydata/postgres-operator/internal/controller/postgrescluster/instance.go:1240.33,1243.4 1 0
github.com/crunchydata/postgres-operator/internal/controller/postgrescluster/instance.go:1246.2,1246.16 1 0
github.com/crunchydata/postgres-operator/internal/controller/postgrescluster/instance.go:1246.16,1248.3 1 0
github.com/crunchydata/postgres-operator/internal/controller/postgrescluster/instance.go:1249.2,1249.16 1 0
github.com/crunchydata/postgres-operator/internal/controller/postgrescluster/instance.go:1249.16,1251.3 1 0
github.com/crunchydata/postgres-operator/internal/controller/postgrescluster/instance.go:1253.2,1253.12 1 0
github.com/crunchydata/postgres-operator/internal/controller/postgrescluster/instance.go:1263.3,1323.71 13 16
github.com/crunchydata/postgres-operator/internal/controller/postgrescluster/instance.go:1323.71,1329.3 1 15
github.com/crunchydata/postgres-operator/internal/controller/postgrescluster/instance.go:1337.2,1337.42 1 16
github.com/crunchydata/postgres-operator/internal/controller/postgrescluster/instance.go:1337.42,1340.3 1 13
github.com/crunchydata/postgres-operator/internal/controller/postgrescluster/instance.go:1340.8,1340.55 1 3
github.com/crunchydata/postgres-operator/internal/controller/postgrescluster/instance.go:1340.55,1343.3 1 3
github.com/crunchydata/postgres-operator/internal/controller/postgrescluster/instance.go:1343.8,1344.24 1 0
github.com/crunchydata/postgres-operator/internal/controller/postgrescluster/instance.go:1344.24,1347.3 1 0
github.com/crunchydata/postgres-operator/internal/controller/postgrescluster/instance.go:1347.8,1352.3 1 0
github.com/crunchydata/postgres-operator/internal/controller/postgrescluster/instance.go:1356.2,1381.73 6 16
github.com/crunchydata/postgres-operator/internal/controller/postgrescluster/instance.go:1389.3,1394.2 2 3
github.com/crunchydata/postgres-operator/internal/controller/postgrescluster/instance.go:1403.30,1424.61 6 0
github.com/crunchydata/postgres-operator/internal/controller/postgrescluster/instance.go:1424.61,1431.73 2 0
github.com/crunchydata/postgres-operator/internal/controller/postgrescluster/instance.go:1431.73,1438.4 1 0
github.com/crunchydata/postgres-operator/internal/controller/postgrescluster/instance.go:1440.2,1440.16 1 0
github.com/crunchydata/postgres-operator/internal/controller/postgrescluster/instance.go:1440.16,1442.3 1 0
github.com/crunchydata/postgres-operator/internal/controller/postgrescluster/instance.go:1443.2,1443.16 1 0
github.com/crunchydata/postgres-operator/internal/controller/postgrescluster/instance.go:1443.16,1445.3 1 0
github.com/crunchydata/postgres-operator/internal/controller/postgrescluster/instance.go:1447.2,1447.31 1 0
github.com/crunchydata/postgres-operator/internal/controller/postgrescluster/instance.go:1459.27,1468.16 5 0
github.com/crunchydata/postgres-operator/internal/controller/postgrescluster/instance.go:1468.16,1470.3 1 0
github.com/crunchydata/postgres-operator/internal/controller/postgrescluster/instance.go:1472.2,1493.16 6 0
github.com/crunchydata/postgres-operator/internal/controller/postgrescluster/instance.go:1493.16,1495.3 1 0
github.com/crunchydata/postgres-operator/internal/controller/postgrescluster/instance.go:1496.2,1496.16 1 0
github.com/crunchydata/postgres-operator/internal/controller/postgrescluster/instance.go:1496.16,1500.3 1 0
github.com/crunchydata/postgres-operator/internal/controller/postgrescluster/instance.go:1501.2,1501.36 1 0
github.com/crunchydata/postgres-operator/internal/controller/postgrescluster/instance.go:1501.36,1505.3 1 0
github.com/crunchydata/postgres-operator/internal/controller/postgrescluster/instance.go:1506.2,1506.16 1 0
github.com/crunchydata/postgres-operator/internal/controller/postgrescluster/instance.go:1506.16,1508.3 1 0
github.com/crunchydata/postgres-operator/internal/controller/postgrescluster/instance.go:1510.2,1510.27 1 0
github.com/crunchydata/postgres-operator/internal/controller/postgrescluster/instance.go:1523.9,1524.26 1 0
github.com/crunchydata/postgres-operator/internal/controller/postgrescluster/instance.go:1524.26,1527.3 1 0
github.com/crunchydata/postgres-operator/internal/controller/postgrescluster/instance.go:1528.2,1546.16 8 0
github.com/crunchydata/postgres-operator/internal/controller/postgrescluster/instance.go:1546.16,1548.3 1 0
github.com/crunchydata/postgres-operator/internal/controller/postgrescluster/instance.go:1549.2,1549.31 1 0
github.com/crunchydata/postgres-operator/internal/controller/postgrescluster/instance.go:1549.31,1551.17 2 0
github.com/crunchydata/postgres-operator/internal/controller/postgrescluster/instance.go:1551.17,1553.4 1 0
github.com/crunchydata/postgres-operator/internal/controller/postgrescluster/instance.go:1554.3,1554.36 1 0
github.com/crunchydata/postgres-operator/internal/controller/postgrescluster/instance.go:1557.2,1557.16 1 0
github.com/crunchydata/postgres-operator/internal/controller/postgrescluster/instance.go:1557.16,1559.3 1 0
github.com/crunchydata/postgres-operator/internal/controller/postgrescluster/instance.go:1560.2,1560.12 1 0
github.com/crunchydata/postgres-operator/internal/controller/postgrescluster/patroni.go:32.9,38.16 2 0
github.com/crunchydata/postgres-operator/internal/controller/postgrescluster/patroni.go:38.16,44.3 1 0
github.com/crunchydata/postgres-operator/internal/controller/postgrescluster/patroni.go:46.2,46.12 1 0
github.com/crunchydata/postgres-operator/internal/controller/postgrescluster/patroni.go:51.9,58.48 3 0
github.com/crunchydata/postgres-operator/internal/controller/postgrescluster/patroni.go:58.48,59.77 1 0
github.com/crunchydata/postgres-operator/internal/controller/postgrescluster/patroni.go:59.77,60.77 1 0
github.com/crunchydata/postgres-operator/internal/controller/postgrescluster/patroni.go:60.77,61.13 1 0
github.com/crunchydata/postgres-operator/internal/controller/postgrescluster/patroni.go:63.4,63.75 1 0
github.com/crunchydata/postgres-operator/internal/controller/postgrescluster/patroni.go:63.75,64.13 1 0
github.com/crunchydata/postgres-operator/internal/controller/postgrescluster/patroni.go:67.4,67.51 1 0
[...]
github.com/crunchydata/postgres-operator/internal/controller/postgrescluster/util.go:162.46,168.3 1 10
github.com/crunchydata/postgres-operator/internal/controller/postgrescluster/util.go:175.103,178.45 2 13
github.com/crunchydata/postgres-operator/internal/controller/postgrescluster/util.go:178.45,179.17 1 24
github.com/crunchydata/postgres-operator/internal/controller/postgrescluster/util.go:181.42,188.9 3 12
github.com/crunchydata/postgres-operator/internal/controller/postgrescluster/util.go:189.32,197.9 4 2
github.com/crunchydata/postgres-operator/internal/controller/postgrescluster/util.go:201.2,215.45 3 13
github.com/crunchydata/postgres-operator/internal/controller/postgrescluster/util.go:215.45,216.40 1 24
github.com/crunchydata/postgres-operator/internal/controller/postgrescluster/util.go:216.40,219.9 3 2
github.com/crunchydata/postgres-operator/internal/controller/postgrescluster/util.go:224.2,224.22 1 13
github.com/crunchydata/postgres-operator/internal/controller/postgrescluster/util.go:224.22,229.46 2 11
github.com/crunchydata/postgres-operator/internal/controller/postgrescluster/util.go:229.46,230.42 1 17
github.com/crunchydata/postgres-operator/internal/controller/postgrescluster/util.go:230.42,233.10 3 3
github.com/crunchydata/postgres-operator/internal/controller/postgrescluster/util.go:235.4,235.55 1 14
github.com/crunchydata/postgres-operator/internal/controller/postgrescluster/util.go:235.55,237.10 2 1
github.com/crunchydata/postgres-operator/internal/controller/postgrescluster/util.go:242.3,242.24 1 11
github.com/crunchydata/postgres-operator/internal/controller/postgrescluster/util.go:242.24,243.47 1 8
github.com/crunchydata/postgres-operator/internal/controller/postgrescluster/util.go:243.47,244.53 1 9
github.com/crunchydata/postgres-operator/internal/controller/postgrescluster/util.go:244.53,246.11 2 7
github.com/crunchydata/postgres-operator/internal/controller/postgrescluster/util.go:251.2,251.80 1 13
github.com/crunchydata/postgres-operator/internal/controller/postgrescluster/util.go:255.39,257.28 2 4
github.com/crunchydata/postgres-operator/internal/controller/postgrescluster/util.go:257.28,258.46 1 3
github.com/crunchydata/postgres-operator/internal/controller/postgrescluster/util.go:258.46,260.4 1 3
github.com/crunchydata/postgres-operator/internal/controller/postgrescluster/util.go:262.2,262.14 1 1
github.com/crunchydata/postgres-operator/internal/controller/postgrescluster/util.go:267.42,269.28 2 4
github.com/crunchydata/postgres-operator/internal/controller/postgrescluster/util.go:269.28,270.48 1 3
github.com/crunchydata/postgres-operator/internal/controller/postgrescluster/util.go:270.48,272.4 1 3
github.com/crunchydata/postgres-operator/internal/controller/postgrescluster/util.go:274.2,274.14 1 1
github.com/crunchydata/postgres-operator/internal/controller/postgrescluster/util.go:281.66,283.38 2 12
github.com/crunchydata/postgres-operator/internal/controller/postgrescluster/util.go:283.38,285.3 1 1
github.com/crunchydata/postgres-operator/internal/controller/postgrescluster/util.go:286.2,286.61 1 11
github.com/crunchydata/postgres-operator/internal/controller/postgrescluster/volumes.go:36.44,40.16 3 0
github.com/crunchydata/postgres-operator/internal/controller/postgrescluster/volumes.go:40.16,46.3 1 0
github.com/crunchydata/postgres-operator/internal/controller/postgrescluster/volumes.go:48.2,61.51 3 0
github.com/crunchydata/postgres-operator/internal/controller/postgrescluster/volumes.go:61.51,62.50 1 0
github.com/crunchydata/postgres-operator/internal/controller/postgrescluster/volumes.go:62.50,64.4 1 0
github.com/crunchydata/postgres-operator/internal/controller/postgrescluster/volumes.go:65.3,65.11 1 0
github.com/crunchydata/postgres-operator/internal/controller/postgrescluster/volumes.go:68.2,68.36 1 0
github.com/crunchydata/postgres-operator/internal/controller/postgrescluster/volumes.go:68.36,69.51 1 0
github.com/crunchydata/postgres-operator/internal/controller/postgrescluster/volumes.go:69.51,70.26 1 0
github.com/crunchydata/postgres-operator/internal/controller/postgrescluster/volumes.go:92.57,95.30 1 0
github.com/crunchydata/postgres-operator/internal/controller/postgrescluster/volumes.go:95.30,102.31 4 0
github.com/crunchydata/postgres-operator/internal/controller/postgrescluster/volumes.go:102.31,104.7 1 0
github.com/crunchydata/postgres-operator/internal/controller/postgrescluster/volumes.go:108.5,108.49 1 0
github.com/crunchydata/postgres-operator/internal/controller/postgrescluster/volumes.go:108.49,116.31 5 0
github.com/crunchydata/postgres-operator/internal/controller/postgrescluster/volumes.go:116.31,118.7 1 0
github.com/crunchydata/postgres-operator/internal/controller/postgrescluster/volumes.go:122.5,123.47 1 0
github.com/crunchydata/postgres-operator/internal/controller/postgrescluster/volumes.go:123.47,126.6 1 0
github.com/crunchydata/postgres-operator/internal/controller/postgrescluster/volumes.go:134.49,140.49 1 0
github.com/crunchydata/postgres-operator/internal/controller/postgrescluster/volumes.go:140.49,148.36 5 0
github.com/crunchydata/postgres-operator/internal/controller/postgrescluster/volumes.go:148.36,150.7 1 0
github.com/crunchydata/postgres-operator/internal/controller/postgrescluster/volumes.go:159.57,159.57 0 0
github.com/crunchydata/postgres-operator/internal/controller/postgrescluster/volumes.go:164.2,164.27 1 0
github.com/crunchydata/postgres-operator/internal/controller/postgrescluster/volumes.go:164.27,166.3 1 0
github.com/crunchydata/postgres-operator/internal/controller/postgrescluster/volumes.go:166.8,170.3 1 0
github.com/crunchydata/postgres-operator/internal/controller/postgrescluster/volumes.go:172.2,172.32 1 0
github.com/crunchydata/postgres-operator/internal/controller/postgrescluster/volumes.go:172.32,174.3 1 0
github.com/crunchydata/postgres-operator/internal/controller/postgrescluster/volumes.go:174.8,176.3 1 0
github.com/crunchydata/postgres-operator/internal/controller/postgrescluster/volumes.go:178.2,178.51 1 0
github.com/crunchydata/postgres-operator/internal/controller/postgrescluster/volumes.go:190.44,196.55 2 0
github.com/crunchydata/postgres-operator/internal/controller/postgrescluster/volumes.go:196.55,198.43 1 0
github.com/crunchydata/postgres-operator/internal/controller/postgrescluster/volumes.go:198.43,202.4 3 0
github.com/crunchydata/postgres-operator/internal/controller/postgrescluster/volumes.go:203.3,210.15 2 0
github.com/crunchydata/postgres-operator/internal/controller/postgrescluster/volumes.go:210.15,213.4 1 0
github.com/crunchydata/postgres-operator/internal/controller/postgrescluster/volumes.go:216.2,219.14 1 0
github.com/crunchydata/postgres-operator/internal/controller/postgrescluster/volumes.go:219.14,222.3 1 0
github.com/crunchydata/postgres-operator/internal/controller/postgrescluster/volumes.go:223.2,223.21 1 0
github.com/crunchydata/postgres-operator/internal/controller/postgrescluster/volumes.go:237.44,240.25 1 0
github.com/crunchydata/postgres-operator/internal/controller/postgrescluster/volumes.go:240.25,242.31 1 0
github.com/crunchydata/postgres-operator/internal/controller/postgrescluster/volumes.go:242.31,244.4 1 0
github.com/crunchydata/postgres-operator/internal/controller/postgrescluster/volumes.go:247.2,247.40 1 0
github.com/crunchydata/postgres-operator/internal/controller/postgrescluster/volumes.go:247.40,249.40 1 0
github.com/crunchydata/postgres-operator/internal/controller/postgrescluster/volumes.go:249.40,267.68 4 0
github.com/crunchydata/postgres-operator/internal/controller/postgrescluster/volumes.go:267.68,269.5 1 0
github.com/crunchydata/postgres-operator/internal/controller/postgrescluster/volumes.go:270.4,270.65 1 0
github.com/crunchydata/postgres-operator/internal/controller/postgrescluster/volumes.go:270.65,272.5 1 0
github.com/crunchydata/postgres-operator/internal/controller/postgrescluster/volumes.go:273.4,273.37 1 0
github.com/crunchydata/postgres-operator/internal/controller/postgrescluster/volumes.go:276.2,276.21 1 0
github.com/crunchydata/postgres-operator/internal/controller/postgrescluster/volumes.go:290.44,293.25 1 0
github.com/crunchydata/postgres-operator/internal/controller/postgrescluster/volumes.go:293.25,295.31 1 0
github.com/crunchydata/postgres-operator/internal/controller/postgrescluster/volumes.go:295.31,297.4 1 0
github.com/crunchydata/postgres-operator/internal/controller/postgrescluster/volumes.go:300.2,301.26 1 0
github.com/crunchydata/postgres-operator/internal/controller/postgrescluster/volumes.go:301.26,320.67 4 0
github.com/crunchydata/postgres-operator/internal/controller/postgrescluster/volumes.go:320.67,322.4 1 0
github.com/crunchydata/postgres-operator/internal/controller/postgrescluster/volumes.go:323.3,323.64 1 0
github.com/crunchydata/postgres-operator/internal/controller/postgrescluster/volumes.go:323.64,325.4 1 0
github.com/crunchydata/postgres-operator/internal/controller/postgrescluster/volumes.go:326.3,326.36 1 0
github.com/crunchydata/postgres-operator/internal/controller/postgrescluster/volumes.go:328.2,328.21 1 0
github.com/crunchydata/postgres-operator/internal/controller/postgrescluster/volumes.go:341.44,344.25 1 0
github.com/crunchydata/postgres-operator/internal/controller/postgrescluster/volumes.go:344.25,346.31 1 0
github.com/crunchydata/postgres-operator/internal/controller/postgrescluster/volumes.go:346.31,348.4 1 0
github.com/crunchydata/postgres-operator/internal/controller/postgrescluster/volumes.go:351.2,351.52 1 0
github.com/crunchydata/postgres-operator/internal/controller/postgrescluster/volumes.go:351.52,354.44 1 0
github.com/crunchydata/postgres-operator/internal/controller/postgrescluster/volumes.go:354.44,369.68 3 0
github.com/crunchydata/postgres-operator/internal/controller/postgrescluster/volumes.go:369.68,371.5 1 0
github.com/crunchydata/postgres-operator/internal/controller/postgrescluster/volumes.go:372.4,372.65 1 0
github.com/crunchydata/postgres-operator/internal/controller/postgrescluster/volumes.go:372.65,374.5 1 0
github.com/crunchydata/postgres-operator/internal/controller/postgrescluster/volumes.go:375.4,375.37 1 0
github.com/crunchydata/postgres-operator/internal/controller/postgrescluster/volumes.go:378.2,378.21 1 0
github.com/crunchydata/postgres-operator/internal/controller/postgrescluster/volumes.go:387.50,390.42 1 0
github.com/crunchydata/postgres-operator/internal/controller/postgrescluster/volumes.go:390.42,396.18 2 0
github.com/crunchydata/postgres-operator/internal/controller/postgrescluster/volumes.go:396.18,398.4 1 0
github.com/crunchydata/postgres-operator/internal/controller/postgrescluster/volumes.go:400.3,408.19 4 0
github.com/crunchydata/postgres-operator/internal/controller/postgrescluster/volumes.go:408.19,410.4 1 0
github.com/crunchydata/postgres-operator/internal/controller/postgrescluster/volumes.go:412.3,417.19 1 0
github.com/crunchydata/postgres-operator/internal/controller/postgrescluster/volumes.go:417.19,419.4 1 0
github.com/crunchydata/postgres-operator/internal/controller/postgrescluster/volumes.go:421.3,426.19 1 0
github.com/crunchydata/postgres-operator/internal/controller/postgrescluster/volumes.go:426.19,428.4 1 0
github.com/crunchydata/postgres-operator/internal/controller/postgrescluster/volumes.go:430.3,430.56 1 0
github.com/crunchydata/postgres-operator/internal/controller/postgrescluster/volumes.go:433.2,433.19 1 0
github.com/crunchydata/postgres-operator/internal/controller/postgrescluster/volumes.go:444.75,450.26 3 0
github.com/crunchydata/postgres-operator/internal/controller/postgrescluster/volumes.go:450.26,451.42 1 0
github.com/crunchydata/postgres-operator/internal/controller/postgrescluster/volumes.go:451.42,452.33 1 0
github.com/crunchydata/postgres-operator/internal/controller/postgrescluster/volumes.go:452.33,455.5 1 0
github.com/crunchydata/postgres-operator/internal/controller/postgrescluster/volumes.go:456.4,456.31 1 0
github.com/crunchydata/postgres-operator/internal/controller/postgrescluster/volumes.go:456.31,460.5 1 0
github.com/crunchydata/postgres-operator/internal/controller/postgrescluster/volumes.go:466.2,501.40 6 0
github.com/crunchydata/postgres-operator/internal/controller/postgrescluster/volumes.go:501.40,503.3 1 0
github.com/crunchydata/postgres-operator/internal/controller/postgrescluster/volumes.go:505.2,539.40 2 0
github.com/crunchydata/postgres-operator/internal/controller/postgrescluster/volumes.go:539.40,542.3 1 0
github.com/crunchydata/postgres-operator/internal/controller/postgrescluster/volumes.go:543.2,547.70 3 0
github.com/crunchydata/postgres-operator/internal/controller/postgrescluster/volumes.go:547.70,549.3 1 0
github.com/crunchydata/postgres-operator/internal/controller/postgrescluster/volumes.go:552.2,552.49 1 0
github.com/crunchydata/postgres-operator/internal/controller/postgrescluster/volumes.go:552.49,554.3 1 0
github.com/crunchydata/postgres-operator/internal/controller/postgrescluster/volumes.go:556.2,556.18 1 0
github.com/crunchydata/postgres-operator/internal/controller/postgrescluster/volumes.go:567.75,573.26 3 0
github.com/crunchydata/postgres-operator/internal/controller/postgrescluster/volumes.go:573.26,574.42 1 0
github.com/crunchydata/postgres-operator/internal/controller/postgrescluster/volumes.go:574.42,575.33 1 0
github.com/crunchydata/postgres-operator/internal/controller/postgrescluster/volumes.go:575.33,578.5 1 0
github.com/crunchydata/postgres-operator/internal/controller/postgrescluster/volumes.go:579.4,579.31 1 0
github.com/crunchydata/postgres-operator/internal/controller/postgrescluster/volumes.go:579.31,583.5 1 0
github.com/crunchydata/postgres-operator/internal/controller/postgrescluster/volumes.go:587.2,618.40 6 0
github.com/crunchydata/postgres-operator/internal/controller/postgrescluster/volumes.go:618.40,620.3 1 0
github.com/crunchydata/postgres-operator/internal/controller/postgrescluster/volumes.go:622.2,656.40 2 0
github.com/crunchydata/postgres-operator/internal/controller/postgrescluster/volumes.go:656.40,659.3 1 0
github.com/crunchydata/postgres-operator/internal/controller/postgrescluster/volumes.go:660.2,664.70 3 0
github.com/crunchydata/postgres-operator/internal/controller/postgrescluster/volumes.go:664.70,666.3 1 0
github.com/crunchydata/postgres-operator/internal/controller/postgrescluster/volumes.go:669.2,669.49 1 0
github.com/crunchydata/postgres-operator/internal/controller/postgrescluster/volumes.go:669.49,671.3 1 0
github.com/crunchydata/postgres-operator/internal/controller/postgrescluster/volumes.go:673.2,673.18 1 0
github.com/crunchydata/postgres-operator/internal/controller/postgrescluster/volumes.go:684.75,690.26 3 0
github.com/crunchydata/postgres-operator/internal/controller/postgrescluster/volumes.go:690.26,691.42 1 0
github.com/crunchydata/postgres-operator/internal/controller/postgrescluster/volumes.go:691.42,692.33 1 0
github.com/crunchydata/postgres-operator/internal/controller/postgrescluster/volumes.go:692.33,695.5 1 0
github.com/crunchydata/postgres-operator/internal/controller/postgrescluster/volumes.go:696.4,696.31 1 0
github.com/crunchydata/postgres-operator/internal/controller/postgrescluster/volumes.go:696.31,700.5 1 0
github.com/crunchydata/postgres-operator/internal/controller/postgrescluster/volumes.go:704.2,740.53 6 0
github.com/crunchydata/postgres-operator/internal/controller/postgrescluster/volumes.go:740.53,742.3 1 0
github.com/crunchydata/postgres-operator/internal/controller/postgrescluster/volumes.go:744.2,777.75 2 0
github.com/crunchydata/postgres-operator/internal/controller/postgrescluster/volumes.go:777.75,779.3 1 0
github.com/crunchydata/postgres-operator/internal/controller/postgrescluster/volumes.go:780.2,784.70 3 0
github.com/crunchydata/postgres-operator/internal/controller/postgrescluster/volumes.go:784.70,786.3 1 0
github.com/crunchydata/postgres-operator/internal/controller/postgrescluster/volumes.go:789.2,789.49 1 0
github.com/crunchydata/postgres-operator/internal/controller/postgrescluster/volumes.go:789.49,791.3 1 0
github.com/crunchydata/postgres-operator/internal/controller/postgrescluster/volumes.go:792.2,792.18 1 0
github.com/crunchydata/postgres-operator/internal/controller/postgrescluster/volumes.go:800.9,802.59 2 6
github.com/crunchydata/postgres-operator/internal/controller/postgrescluster/volumes.go:802.59,804.3 1 5
github.com/crunchydata/postgres-operator/internal/controller/postgrescluster/volumes.go:806.2,806.34 1 6
github.com/crunchydata/postgres-operator/internal/controller/postgrescluster/volumes.go:806.34,815.3 1 3
github.com/crunchydata/postgres-operator/internal/controller/postgrescluster/volumes.go:817.2,817.33 1 6
github.com/crunchydata/postgres-operator/internal/controller/postgrescluster/volumes.go:817.33,820.3 1 5
github.com/crunchydata/postgres-operator/internal/controller/postgrescluster/volumes.go:826.2,826.32 1 6
github.com/crunchydata/postgres-operator/internal/controller/postgrescluster/volumes.go:826.32,830.3 3 1
github.com/crunchydata/postgres-operator/internal/controller/postgrescluster/volumes.go:832.2,832.55 1 5
github.com/crunchydata/postgres-operator/internal/controller/postgrescluster/volumes.go:832.55,834.47 2 4
github.com/crunchydata/postgres-operator/internal/controller/postgrescluster/volumes.go:834.47,835.11 1 5
github.com/crunchydata/postgres-operator/internal/controller/postgrescluster/volumes.go:846.28,847.21 1 2
github.com/crunchydata/postgres-operator/internal/controller/postgrescluster/volumes.go:854.55,856.21 2 2
github.com/crunchydata/postgres-operator/internal/controller/postgrescluster/volumes.go:858.12,859.24 1 1
github.com/crunchydata/postgres-operator/internal/controller/postgrescluster/volumes.go:863.3,863.54 1 4
github.com/crunchydata/postgres-operator/internal/controller/postgrescluster/volumes.go:863.54,866.4 1 3
github.com/crunchydata/postgres-operator/internal/controller/postgrescluster/volumes.go:869.2,869.12 1 2
github.com/crunchydata/postgres-operator/internal/controller/postgrescluster/volumes.go:877.21,880.61 2 7
github.com/crunchydata/postgres-operator/internal/controller/postgrescluster/volumes.go:880.61,881.39 1 3
github.com/crunchydata/postgres-operator/internal/controller/postgrescluster/volumes.go:881.39,882.59 1 4
github.com/crunchydata/postgres-operator/internal/controller/postgrescluster/volumes.go:882.59,884.10 2 3
github.com/crunchydata/postgres-operator/internal/controller/postgrescluster/volumes.go:889.2,889.17 1 7
github.com/crunchydata/postgres-operator/internal/controller/postgrescluster/volumes.go:893.91,894.30 1 2
github.com/crunchydata/postgres-operator/internal/controller/postgrescluster/volumes.go:894.30,895.52 1 3
github.com/crunchydata/postgres-operator/internal/controller/postgrescluster/volumes.go:895.52,897.4 1 2
github.com/crunchydata/postgres-operator/internal/controller/postgrescluster/volumes.go:899.2,899.11 1 0
github.com/crunchydata/postgres-operator/internal/controller/postgrescluster/watches.go:21.46,23.121 1 1
github.com/crunchydata/postgres-operator/internal/controller/postgrescluster/watches.go:23.121,32.46 3 13
github.com/crunchydata/postgres-operator/internal/controller/postgrescluster/watches.go:32.46,38.5 2 1
github.com/crunchydata/postgres-operator/internal/controller/postgrescluster/watches.go:42.4,44.47 1 12
github.com/crunchydata/postgres-operator/internal/controller/postgrescluster/watches.go:44.47,50.5 2 3
github.com/crunchydata/postgres-operator/internal/controller/postgrescluster/watches.go:54.4,56.39 1 9
github.com/crunchydata/postgres-operator/internal/controller/postgrescluster/watches.go:56.39,62.5 2 0
github.com/crunchydata/postgres-operator/internal/controller/postgrescluster/watches.go:65.4,78.49 4 9
github.com/crunchydata/postgres-operator/internal/controller/postgrescluster/watches.go:78.49,80.86 1 43
github.com/crunchydata/postgres-operator/internal/controller/postgrescluster/watches.go:80.86,86.6 2 5
